<?xml version="1.0" encoding="UTF-8"?>
<testsuites>
    <testsuite name="force.apex" timestamp="2026-05-04T07:26:28.000Z" hostname="https://goldendewcoltd--devorg.sandbox.my.salesforce.com" tests="7" failures="0"  errors="0"  time="2.38">
        <properties>
            <property name="outcome" value="Successful"/>
            <property name="testsRan" value="7"/>
            <property name="passing" value="7"/>
            <property name="failing" value="0"/>
            <property name="skipped" value="0"/>
            <property name="passRate" value="100%"/>
            <property name="failRate" value="0%"/>
            <property name="testStartTime" value="Mon May 04 2026 오후 4:26:28"/>
            <property name="testSetupTimeInMs" value="0"/>
            <property name="testExecutionTime" value="2.38 s"/>
            <property name="testTotalTime" value="2.38 s"/>
            <property name="commandTime" value="0.07 s"/>
            <property name="hostname" value="https://goldendewcoltd--devorg.sandbox.my.salesforce.com"/>
            <property name="orgId" value="00DJO000001ByZs2AK"/>
            <property name="username" value="milvus@goldendew.com.devorg"/>
            <property name="testRunId" value="707JO00000ESpFX"/>
            <property name="userId" value="005TJ00000B2qU2YAJ"/>
            <property name="coveredLines" value="722"/>
            <property name="testRunCoverage" value="59%"/>
            <property name="orgWideCoverage" value="50%"/>
        </properties>
        <testcase name="test_constructor_with_recordIds_path_runs" classname="ErpPointJobTest" time="0.55">
        </testcase>
        <testcase name="test_constructor_with_sobject_path_runs" classname="ErpPointJobTest" time="0.13">
        </testcase>
        <testcase name="test_point_credit_job_runs_recordId" classname="ErpPointJobTest" time="0.11">
        </testcase>
        <testcase name="test_point_credit_list_exception_and_invalid_ledger_paths" classname="ErpPointJobTest" time="0.82">
        </testcase>
        <testcase name="test_point_credit_list_partial_failure_updates_failed_journal" classname="ErpPointJobTest" time="0.43">
        </testcase>
        <testcase name="test_point_credit_null_list_is_handled_by_job_failure_path" classname="ErpPointJobTest" time="0.23">
        </testcase>
        <testcase name="test_point_expiry_job_runs_recordId" classname="ErpPointJobTest" time="0.10">
        </testcase>
    </testsuite>
</testsuites>
