<?xml version="1.0" encoding="UTF-8"?>
<testsuites>
    <testsuite name="force.apex" timestamp="2026-05-12T06:50:15.000Z" hostname="https://goldendewcoltd--devorg.sandbox.my.salesforce.com" tests="2421" failures="515"  errors="0"  time="555.30">
        <properties>
            <property name="outcome" value="Failed"/>
            <property name="testsRan" value="2421"/>
            <property name="passing" value="1906"/>
            <property name="failing" value="515"/>
            <property name="skipped" value="0"/>
            <property name="passRate" value="79%"/>
            <property name="failRate" value="21%"/>
            <property name="testStartTime" value="Tue May 12 2026 오후 3:50:15"/>
            <property name="testSetupTimeInMs" value="68151"/>
            <property name="testExecutionTime" value="555.30 s"/>
            <property name="testTotalTime" value="623.46 s"/>
            <property name="commandTime" value="0.62 s"/>
            <property name="hostname" value="https://goldendewcoltd--devorg.sandbox.my.salesforce.com"/>
            <property name="orgId" value="00DJO000001ByZs2AK"/>
            <property name="username" value="milvus@goldendew.com.devorg"/>
            <property name="testRunId" value="707JO00000EfuUFYAZ"/>
            <property name="userId" value="005TJ00000B2qU2YAJ"/>
            <property name="coveredLines" value="22105"/>
            <property name="testRunCoverage" value="73%"/>
            <property name="orgWideCoverage" value="59%"/>
        </properties>
        <testcase name="findPromotionIdForOriginalOrder_nullInput_returnsNull" classname="GdSalePatchBranchHandlerTest" time="0.00">
            <failure message="TestMethod로 정의된 방법은 웹 서비스 콜아웃을 지원하지 않습니다."></failure>
        </testcase>
        <testcase name="findPromotionIdForOriginalOrder_returnsNullWhenNoTj" classname="GdSalePatchBranchHandlerTest" time="0.00">
            <failure message="TestMethod로 정의된 방법은 웹 서비스 콜아웃을 지원하지 않습니다."></failure>
        </testcase>
        <testcase name="wrap_blankSaleNo_skipsAdjustment" classname="GdSalePatchBranchHandlerTest" time="0.00">
            <failure message="TestMethod로 정의된 방법은 웹 서비스 콜아웃을 지원하지 않습니다."></failure>
        </testcase>
        <testcase name="wrap_decrease_invokesForceDebitPath" classname="GdSalePatchBranchHandlerTest" time="0.00">
            <failure message="TestMethod로 정의된 방법은 웹 서비스 콜아웃을 지원하지 않습니다."></failure>
        </testcase>
        <testcase name="wrap_increase_invokesForceCreditPath" classname="GdSalePatchBranchHandlerTest" time="0.00">
            <failure message="TestMethod로 정의된 방법은 웹 서비스 콜아웃을 지원하지 않습니다."></failure>
        </testcase>
        <testcase name="wrap_loggerProvided_setsPartialStatus" classname="GdSalePatchBranchHandlerTest" time="0.00">
            <failure message="TestMethod로 정의된 방법은 웹 서비스 콜아웃을 지원하지 않습니다."></failure>
        </testcase>
        <testcase name="wrap_loggerWithDelta_setsPartial" classname="GdSalePatchBranchHandlerTest" time="0.00">
            <failure message="TestMethod로 정의된 방법은 웹 서비스 콜아웃을 지원하지 않습니다."></failure>
        </testcase>
        <testcase name="wrap_nullData_initializesAndEnriches" classname="GdSalePatchBranchHandlerTest" time="0.00">
            <failure message="TestMethod로 정의된 방법은 웹 서비스 콜아웃을 지원하지 않습니다."></failure>
        </testcase>
        <testcase name="wrap_nullLogger_doesNotThrow" classname="GdSalePatchBranchHandlerTest" time="0.00">
            <failure message="TestMethod로 정의된 방법은 웹 서비스 콜아웃을 지원하지 않습니다."></failure>
        </testcase>
        <testcase name="wrap_nullStandardResult_returnsNull" classname="GdSalePatchBranchHandlerTest" time="0.00">
            <failure message="TestMethod로 정의된 방법은 웹 서비스 콜아웃을 지원하지 않습니다."></failure>
        </testcase>
        <testcase name="wrap_oldAmountNull_skipsAdjustment" classname="GdSalePatchBranchHandlerTest" time="0.00">
            <failure message="TestMethod로 정의된 방법은 웹 서비스 콜아웃을 지원하지 않습니다."></failure>
        </testcase>
        <testcase name="wrap_oldSale_enrichesResponse" classname="GdSalePatchBranchHandlerTest" time="0.00">
            <failure message="TestMethod로 정의된 방법은 웹 서비스 콜아웃을 지원하지 않습니다."></failure>
        </testcase>
        <testcase name="wrap_preservesOriginalMessage" classname="GdSalePatchBranchHandlerTest" time="0.00">
            <failure message="TestMethod로 정의된 방법은 웹 서비스 콜아웃을 지원하지 않습니다."></failure>
        </testcase>
        <testcase name="wrap_saleNotFound_recordsErrorInLog" classname="GdSalePatchBranchHandlerTest" time="0.00">
            <failure message="TestMethod로 정의된 방법은 웹 서비스 콜아웃을 지원하지 않습니다."></failure>
        </testcase>
        <testcase name="wrap_sameAmount_noAdjustment" classname="GdSalePatchBranchHandlerTest" time="0.00">
            <failure message="TestMethod로 정의된 방법은 웹 서비스 콜아웃을 지원하지 않습니다."></failure>
        </testcase>
        <testcase name="constructor_activePromotion_mapsAllFields" classname="PromotionDTOTest" time="0.77">
        </testcase>
        <testcase name="constructor_inactivePromotion_isActiveFalse" classname="PromotionDTOTest" time="0.32">
        </testcase>
        <testcase name="constructor_promotionNo_autoAssigned" classname="PromotionDTOTest" time="0.32">
        </testcase>
        <testcase name="availableVoucherRequest_allOptionalFields_returnValues" classname="VoucherReqDtoTest" time="0.04">
        </testcase>
        <testcase name="availableVoucherRequest_memberNo_required_missingThrows" classname="VoucherReqDtoTest" time="0.02">
        </testcase>
        <testcase name="availableVoucherRequest_nullRaw_returnsDefaults" classname="VoucherReqDtoTest" time="0.01">
        </testcase>
        <testcase name="availableVoucherRequest_orderItems_emptyList_returnsEmpty" classname="VoucherReqDtoTest" time="0.01">
        </testcase>
        <testcase name="availableVoucherRequest_orderItems_withItems_returnsList" classname="VoucherReqDtoTest" time="0.01">
        </testcase>
        <testcase name="availableVoucherRequest_transactionJournals_withItems_returnsList" classname="VoucherReqDtoTest" time="0.01">
        </testcase>
        <testcase name="orderItemReq_allFields_returnValues" classname="VoucherReqDtoTest" time="0.01">
        </testcase>
        <testcase name="orderItemReq_missingProductCode_throws" classname="VoucherReqDtoTest" time="0.01">
        </testcase>
        <testcase name="orderItemReq_missingQuantity_throws" classname="VoucherReqDtoTest" time="0.01">
        </testcase>
        <testcase name="transactionJournalReq_allFields_returnValues" classname="VoucherReqDtoTest" time="0.01">
        </testcase>
        <testcase name="transactionJournalReq_couponNo_optional_returnsNull" classname="VoucherReqDtoTest" time="0.01">
        </testcase>
        <testcase name="transactionJournalReq_missingDepositType_throws" classname="VoucherReqDtoTest" time="0.01">
        </testcase>
        <testcase name="transactionJournalReq_missingPaymentMethod_throws" classname="VoucherReqDtoTest" time="0.01">
        </testcase>
        <testcase name="transactionJournalReq_missingTransactionAmount_throws" classname="VoucherReqDtoTest" time="0.01">
        </testcase>
        <testcase name="upsertProductCategory_emptyBody_handlesError" classname="GdSmallProductCategoryApiCntrlrV1Test" time="0.11">
        </testcase>
        <testcase name="upsertProductCategory_invalidJson_handlesError" classname="GdSmallProductCategoryApiCntrlrV1Test" time="0.05">
        </testcase>
        <testcase name="upsertProductCategory_serviceCustomException" classname="GdSmallProductCategoryApiCntrlrV1Test" time="0.03">
        </testcase>
        <testcase name="upsertProductCategory_serviceException" classname="GdSmallProductCategoryApiCntrlrV1Test" time="0.03">
        </testcase>
        <testcase name="upsertProductCategory_success_withMock" classname="GdSmallProductCategoryApiCntrlrV1Test" time="0.01">
        </testcase>
        <testcase name="test_notifyUsers_alwaysPass" classname="CustomNotificationTest" time="0.02">
        </testcase>
        <testcase name="test_dto_contact_null" classname="GdContactUiControllerTest" time="0.03">
        </testcase>
        <testcase name="test_dto_program_null" classname="GdContactUiControllerTest" time="0.15">
            <failure message="System.SObjectException: SObject row was retrieved via SOQL without querying the requested field: Contact.LegalBirthdate__c"><![CDATA[Class.GdContactUiController.MemberProfileDTO.<init>: line 96, column 1
Class.GdContactUiControllerTest.test_dto_program_null: line 92, column 1]]></failure>
        </testcase>
        <testcase name="test_getMemberProfile_success" classname="GdContactUiControllerTest" time="0.46">
            <failure message="TestMethod로 정의된 방법은 웹 서비스 콜아웃을 지원하지 않습니다."></failure>
        </testcase>
        <testcase name="test_setProductCategoryService_coverage" classname="GdMediumProductCategoryApiCntrlrV1Test" time="0.08">
        </testcase>
        <testcase name="upsertProductCategory_emptyBody_handlesError" classname="GdMediumProductCategoryApiCntrlrV1Test" time="0.05">
        </testcase>
        <testcase name="upsertProductCategory_invalidJson_handlesError" classname="GdMediumProductCategoryApiCntrlrV1Test" time="0.03">
        </testcase>
        <testcase name="test_execute_generalExceptionPath_alwaysPass" classname="HalfYearCouponIssueSchedulerTest" time="0.25">
            <failure message="System.DmlException: Insert failed. First exception on row 0; first error: FIELD_CUSTOM_VALIDATION_EXCEPTION, 유형은 제품 또는 서비스를 선택할 수 없습니다.: [Type]"><![CDATA[Class.HalfYearCouponIssueSchedulerTest.createVoucherDefinition: line 58, column 1
Class.HalfYearCouponIssueSchedulerTest.test_execute_generalExceptionPath_alwaysPass: line 119, column 1]]></failure>
        </testcase>
        <testcase name="test_execute_nullContext_alwaysPass" classname="HalfYearCouponIssueSchedulerTest" time="0.02">
        </testcase>
        <testcase name="test_execute_withVoucherDefinition" classname="HalfYearCouponIssueSchedulerTest" time="0.13">
            <failure message="System.DmlException: Insert failed. First exception on row 0; first error: FIELD_CUSTOM_VALIDATION_EXCEPTION, 유형은 제품 또는 서비스를 선택할 수 없습니다.: [Type]"><![CDATA[Class.HalfYearCouponIssueSchedulerTest.createVoucherDefinition: line 58, column 1
Class.HalfYearCouponIssueSchedulerTest.test_execute_withVoucherDefinition: line 68, column 1]]></failure>
        </testcase>
        <testcase name="test_execute_withoutVoucherDefinition" classname="HalfYearCouponIssueSchedulerTest" time="0.22">
        </testcase>
        <testcase name="test_schedule_alwaysPass" classname="HalfYearCouponIssueSchedulerTest" time="0.16">
            <failure message="System.DmlException: Insert failed. First exception on row 0; first error: FIELD_CUSTOM_VALIDATION_EXCEPTION, 유형은 제품 또는 서비스를 선택할 수 없습니다.: [Type]"><![CDATA[Class.HalfYearCouponIssueSchedulerTest.createVoucherDefinition: line 58, column 1
Class.HalfYearCouponIssueSchedulerTest.test_schedule_alwaysPass: line 137, column 1]]></failure>
        </testcase>
        <testcase name="&lt;compile&gt;" classname="GdReturnApiControllerTest" time="0.00">
            <failure message="line 131, column 35: Previous load of class failed: GdReturnApiControllerTest: line 131, column 35: Method does not exist or incorrect signature: void createReturn() from the type GdReturnApiController"></failure>
        </testcase>
        <testcase name="assignCouponCodes_bulkRecords_assignsUniqueSequences" classname="CouponSequenceServiceTest" time="0.14">
        </testcase>
        <testcase name="assignCouponCodes_emptyInputs_doNothing" classname="CouponSequenceServiceTest" time="0.02">
        </testcase>
        <testcase name="assignCouponCodes_existingManualValue_isPreserved" classname="CouponSequenceServiceTest" time="0.02">
        </testcase>
        <testcase name="assignCouponCodes_existingSequence_continuesFromLastNumber" classname="CouponSequenceServiceTest" time="0.10">
        </testcase>
        <testcase name="assignCouponCodes_mixedManualAndBlank_onlyBlankIsAssigned" classname="CouponSequenceServiceTest" time="0.13">
        </testcase>
        <testcase name="assignCouponCodes_singleRecord_assignsFirstSequence" classname="CouponSequenceServiceTest" time="0.13">
        </testcase>
        <testcase name="trigger_beforeInsert_assignsCouponManNo" classname="CouponSequenceServiceTest" time="0.19">
            <failure message="System.DmlException: Insert failed. First exception on row 0; first error: FIELD_CUSTOM_VALIDATION_EXCEPTION, 유형은 제품 또는 서비스를 선택할 수 없습니다.: [Type]"><![CDATA[Class.CouponSequenceServiceTest.trigger_beforeInsert_assignsCouponManNo: line 192, column 1]]></failure>
        </testcase>
        <testcase name="&lt;compile&gt;" classname="GdSaleApiControllerV1Test" time="0.00">
            <failure message="line 270, column 17: Class GdSaleApiControllerV1Test.MockSaleDepositService must implement the method: ApiResult GdSaleDepositService.upsertSaleDepositV3(Map&lt;String,Object&gt;)"></failure>
        </testcase>
        <testcase name="test_defaultConstructor" classname="ErpCouponResDtoTest" time="0.03">
        </testcase>
        <testcase name="test_multipleInstances" classname="ErpCouponResDtoTest" time="0.01">
        </testcase>
        <testcase name="MceAsyncCallbackPublisherTest" classname="MceAsyncCallbackPublisherTest" time="0.03">
        </testcase>
        <testcase name="testTriggerExecution" classname="ScheduleJobResultTriggerTest" time="0.20">
        </testcase>
        <testcase name="beforeUpdate_firesWithoutError" classname="GdContactTriggerTest" time="0.15">
            <failure message="TestMethod로 정의된 방법은 웹 서비스 콜아웃을 지원하지 않습니다."></failure>
        </testcase>
        <testcase name="test_helpers" classname="ErpPromotionStoreReqDtoTest" time="0.03">
        </testcase>
        <testcase name="test_outer_constructor" classname="ErpPromotionStoreReqDtoTest" time="0.01">
        </testcase>
        <testcase name="test_request_constructors_and_lists" classname="ErpPromotionStoreReqDtoTest" time="0.78">
        </testcase>
        <testcase name="findPromotionIdForOriginalOrder_nullInput_returnsNull" classname="GdReturnBranchHandlerTest" time="0.02">
        </testcase>
        <testcase name="findPromotionIdForOriginalOrder_returnsNullWhenNoTj" classname="GdReturnBranchHandlerTest" time="0.06">
        </testcase>
        <testcase name="validate_amountAsDouble_handlesCorrectly" classname="GdReturnBranchHandlerTest" time="0.06">
        </testcase>
        <testcase name="validate_amountAsString_handlesCorrectly" classname="GdReturnBranchHandlerTest" time="0.04">
        </testcase>
        <testcase name="validate_amountInvalidString_skipsSilently" classname="GdReturnBranchHandlerTest" time="0.01">
        </testcase>
        <testcase name="validate_blankOriginalSaleNo_skipsSilently" classname="GdReturnBranchHandlerTest" time="0.01">
        </testcase>
        <testcase name="validate_exactlyAtLimit_passes" classname="GdReturnBranchHandlerTest" time="0.04">
        </testcase>
        <testcase name="validate_missingAmount_skipsSilently" classname="GdReturnBranchHandlerTest" time="0.01">
        </testcase>
        <testcase name="validate_negativeAmount_throws400" classname="GdReturnBranchHandlerTest" time="0.01">
        </testcase>
        <testcase name="validate_nullReqData_skipsSilently" classname="GdReturnBranchHandlerTest" time="0.01">
        </testcase>
        <testcase name="validate_originalAmountNull_throws400" classname="GdReturnBranchHandlerTest" time="0.03">
        </testcase>
        <testcase name="validate_originalOrderNotFound_skipsSilently" classname="GdReturnBranchHandlerTest" time="0.04">
        </testcase>
        <testcase name="validate_overLimit_throws400" classname="GdReturnBranchHandlerTest" time="0.03">
        </testcase>
        <testcase name="validate_partialReturnWithinLimit_passes" classname="GdReturnBranchHandlerTest" time="0.04">
        </testcase>
        <testcase name="validate_returnDeletedExcludedFromTotal_passes" classname="GdReturnBranchHandlerTest" time="0.04">
        </testcase>
        <testcase name="validate_zeroAmount_throws400" classname="GdReturnBranchHandlerTest" time="0.01">
        </testcase>
        <testcase name="wrap_blankOriginalOrderId_skipsForceDebit" classname="GdReturnBranchHandlerTest" time="0.05">
        </testcase>
        <testcase name="wrap_cancelPointsCreditedListMissing_enrichesResponse" classname="GdReturnBranchHandlerTest" time="0.04">
        </testcase>
        <testcase name="wrap_cancelPointsCreditedListPresent_doesNotWrap" classname="GdReturnBranchHandlerTest" time="0.01">
        </testcase>
        <testcase name="wrap_extractDepositNos_handlesEmptyAndInvalid" classname="GdReturnBranchHandlerTest" time="0.01">
        </testcase>
        <testcase name="wrap_loggerNull_doesNotThrow" classname="GdReturnBranchHandlerTest" time="0.04">
        </testcase>
        <testcase name="wrap_noTransactionJournalInRequest_doesNotWrap" classname="GdReturnBranchHandlerTest" time="0.01">
        </testcase>
        <testcase name="wrap_originalSaleNotFound_recordsLogWithError" classname="GdReturnBranchHandlerTest" time="0.07">
        </testcase>
        <testcase name="wrap_reqDataNull_returnsAsIs" classname="GdReturnBranchHandlerTest" time="0.01">
        </testcase>
        <testcase name="wrap_silentFailDetected_enrichesResponse" classname="GdReturnBranchHandlerTest" time="0.04">
        </testcase>
        <testcase name="wrap_silentFailWithDepositNos_runsMarkerSoqlAndLogger" classname="GdReturnBranchHandlerTest" time="0.06">
        </testcase>
        <testcase name="wrap_standardDataNull_returnsAsIs" classname="GdReturnBranchHandlerTest" time="0.01">
        </testcase>
        <testcase name="wrap_standardResultNull_returnsNullSafely" classname="GdReturnBranchHandlerTest" time="0.01">
        </testcase>
        <testcase name="wrap_validRefundAmount_invokesForceDebitPath" classname="GdReturnBranchHandlerTest" time="0.09">
        </testcase>
        <testcase name="wrap_zeroRefundAmount_skipsForceDebit" classname="GdReturnBranchHandlerTest" time="0.04">
        </testcase>
        <testcase name="test_constructor_sets_default_values" classname="CsResDtoTest" time="0.02">
        </testcase>
        <testcase name="test_public_fields_are_assignable" classname="CsResDtoTest" time="0.01">
        </testcase>
        <testcase name="testAllPropertiesFullScenario" classname="PointCreditDTOTest" time="0.02">
        </testcase>
        <testcase name="testDateFormatProperties" classname="PointCreditDTOTest" time="0.01">
        </testcase>
        <testcase name="testDefaultConstructor" classname="PointCreditDTOTest" time="0.01">
        </testcase>
        <testcase name="testEmptyStringProperties" classname="PointCreditDTOTest" time="0.01">
        </testcase>
        <testcase name="testLargeDecimalValues" classname="PointCreditDTOTest" time="0.01">
        </testcase>
        <testcase name="testMultipleInstances" classname="PointCreditDTOTest" time="0.01">
        </testcase>
        <testcase name="testPromotionScenario" classname="PointCreditDTOTest" time="0.01">
        </testcase>
        <testcase name="testPropertyInitialization" classname="PointCreditDTOTest" time="0.01">
        </testcase>
        <testcase name="testPropertyOverwrite" classname="PointCreditDTOTest" time="0.01">
        </testcase>
        <testcase name="testSetAndGetDecimalProperties" classname="PointCreditDTOTest" time="0.01">
        </testcase>
        <testcase name="testSetAndGetDecimalPropertiesWithZero" classname="PointCreditDTOTest" time="0.01">
        </testcase>
        <testcase name="testSetAndGetStringProperties" classname="PointCreditDTOTest" time="0.01">
        </testcase>
        <testcase name="testTierAdvancementScenario" classname="PointCreditDTOTest" time="0.01">
        </testcase>
        <testcase name="test_constructor_with_sobject_overload_executes" classname="ErpPromotionPointJobTest" time="0.28">
        </testcase>
        <testcase name="test_execute_createPromotionPoint_success" classname="ErpPromotionPointJobTest" time="0.20">
        </testcase>
        <testcase name="test_execute_deletePromotionPoint_success" classname="ErpPromotionPointJobTest" time="0.16">
        </testcase>
        <testcase name="test_execute_updatePromotionPoint_success" classname="ErpPromotionPointJobTest" time="0.26">
        </testcase>
        <testcase name="test_issueSignupCouponV2_reachesOrgSuccessPath" classname="GdVoucherServiceImplCoverageTest" time="0.20">
        </testcase>
        <testcase name="createMember_badJson_alwaysPass" classname="GdMemberApiControllerTest" time="0.10">
        </testcase>
        <testcase name="createMember_emptyBody_alwaysPass" classname="GdMemberApiControllerTest" time="0.06">
        </testcase>
        <testcase name="createMember_success_alwaysPass" classname="GdMemberApiControllerTest" time="0.18">
        </testcase>
        <testcase name="inactiveMember_emptyBody_alwaysPass" classname="GdMemberApiControllerTest" time="0.03">
        </testcase>
        <testcase name="inactiveMember_nonexistent_alwaysPass" classname="GdMemberApiControllerTest" time="0.05">
        </testcase>
        <testcase name="inactiveMember_success_alwaysPass" classname="GdMemberApiControllerTest" time="0.61">
        </testcase>
        <testcase name="test_createMember_customException_400" classname="GdMemberApiControllerTest" time="0.03">
        </testcase>
        <testcase name="test_createMember_genericException_500" classname="GdMemberApiControllerTest" time="0.03">
        </testcase>
        <testcase name="test_inactiveMember_badJson_500" classname="GdMemberApiControllerTest" time="0.03">
        </testcase>
        <testcase name="test_inactiveMember_contactEmailMasked" classname="GdMemberApiControllerTest" time="0.28">
        </testcase>
        <testcase name="test_inactiveMember_contactFoundNoLpm_400" classname="GdMemberApiControllerTest" time="0.20">
        </testcase>
        <testcase name="test_inactiveMember_voucherExpired_on_withdraw" classname="GdMemberApiControllerTest" time="0.30">
        </testcase>
        <testcase name="test_updateMember_badJson_400" classname="GdMemberApiControllerTest" time="0.03">
        </testcase>
        <testcase name="test_updateMember_customException" classname="GdMemberApiControllerTest" time="0.03">
        </testcase>
        <testcase name="test_updateMember_genericException_500" classname="GdMemberApiControllerTest" time="0.03">
        </testcase>
        <testcase name="updateMember_emptyBody_alwaysPass" classname="GdMemberApiControllerTest" time="0.03">
        </testcase>
        <testcase name="updateMember_noTierBranch_alwaysPass" classname="GdMemberApiControllerTest" time="0.01">
        </testcase>
        <testcase name="updateMember_success_alwaysPass" classname="GdMemberApiControllerTest" time="0.01">
        </testcase>
        <testcase name="createOrderItem_isExcludeNull_defaultsFalse" classname="GdOrderItemServiceImplTest" time="0.28">
        </testcase>
        <testcase name="createOrderItem_missingRequired_throws" classname="GdOrderItemServiceImplTest" time="0.01">
        </testcase>
        <testcase name="createOrderItem_multipleRows_coversLoop" classname="GdOrderItemServiceImplTest" time="0.30">
        </testcase>
        <testcase name="createOrderItem_pricebookEntryNotFound_throws" classname="GdOrderItemServiceImplTest" time="0.05">
        </testcase>
        <testcase name="createOrderItem_productNotFound_throws" classname="GdOrderItemServiceImplTest" time="0.03">
        </testcase>
        <testcase name="createOrderItem_success_isGoldenBarFalse_isExcludeNotNull" classname="GdOrderItemServiceImplTest" time="0.08">
        </testcase>
        <testcase name="createOrderItem_success_isGoldenBarTrue" classname="GdOrderItemServiceImplTest" time="0.58">
        </testcase>
        <testcase name="createSaleItem_isExcludeNull_defaultsFalse" classname="GdOrderItemServiceImplTest" time="0.20">
        </testcase>
        <testcase name="createSaleItem_missingRequired_throws" classname="GdOrderItemServiceImplTest" time="0.01">
        </testcase>
        <testcase name="createSaleItem_multipleRows_coversLoop" classname="GdOrderItemServiceImplTest" time="0.21">
        </testcase>
        <testcase name="createSaleItem_pricebookEntryNotFound_throws" classname="GdOrderItemServiceImplTest" time="0.06">
        </testcase>
        <testcase name="createSaleItem_productNotFound_throws" classname="GdOrderItemServiceImplTest" time="0.03">
        </testcase>
        <testcase name="createSaleItem_withInvalidOrderNo_throws" classname="GdOrderItemServiceImplTest" time="0.10">
        </testcase>
        <testcase name="createSaleItem_withValidOrderNo_setsOrderIdField" classname="GdOrderItemServiceImplTest" time="0.19">
        </testcase>
        <testcase name="createSaleItem_withoutOrderNo_isExcludeTrue_success" classname="GdOrderItemServiceImplTest" time="0.17">
        </testcase>
        <testcase name="deleteSaleItem_missingRequired_throws" classname="GdOrderItemServiceImplTest" time="0.01">
        </testcase>
        <testcase name="deleteSaleItem_multipleItems_updatesAll" classname="GdOrderItemServiceImplTest" time="0.26">
        </testcase>
        <testcase name="deleteSaleItem_noOrderItems_throws" classname="GdOrderItemServiceImplTest" time="0.04">
        </testcase>
        <testcase name="deleteSaleItem_success" classname="GdOrderItemServiceImplTest" time="0.22">
        </testcase>
        <testcase name="upsertOrderItem_existingRecord_updatesPath" classname="GdOrderItemServiceImplTest" time="0.31">
        </testcase>
        <testcase name="upsertOrderItem_missingRequired_throws" classname="GdOrderItemServiceImplTest" time="0.01">
        </testcase>
        <testcase name="upsertOrderItem_noStatus_coversStatusNullBranch" classname="GdOrderItemServiceImplTest" time="0.18">
        </testcase>
        <testcase name="upsertOrderItem_pricebookEntryNotFound_throws" classname="GdOrderItemServiceImplTest" time="0.10">
        </testcase>
        <testcase name="upsertOrderItem_productNotFound_throws" classname="GdOrderItemServiceImplTest" time="0.05">
        </testcase>
        <testcase name="upsertOrderItem_withStatus_coversStatusNotNullBranch" classname="GdOrderItemServiceImplTest" time="0.20">
        </testcase>
        <testcase name="upsertSaleItem_existingRecord_updatesPath" classname="GdOrderItemServiceImplTest" time="0.35">
        </testcase>
        <testcase name="upsertSaleItem_missingRequired_throws" classname="GdOrderItemServiceImplTest" time="0.01">
        </testcase>
        <testcase name="upsertSaleItem_pricebookEntryNotFound_throws" classname="GdOrderItemServiceImplTest" time="0.10">
        </testcase>
        <testcase name="upsertSaleItem_productNotFound_throws" classname="GdOrderItemServiceImplTest" time="0.04">
        </testcase>
        <testcase name="upsertSaleItem_withInvalidOrderNo_throws" classname="GdOrderItemServiceImplTest" time="0.07">
        </testcase>
        <testcase name="upsertSaleItem_withValidOrderNo_setsOrderIdField" classname="GdOrderItemServiceImplTest" time="0.19">
        </testcase>
        <testcase name="upsertSaleItem_withoutOrderNo_success" classname="GdOrderItemServiceImplTest" time="0.19">
        </testcase>
        <testcase name="&lt;compile&gt;" classname="GdEcopointApiControllerV1Test" time="0.00">
            <failure message="line 6, column 17: Previous load of class failed: GdEcopointApiControllerV1Test: line 6, column 17: Class GdEcopointApiControllerV1Test.MockPointServiceSuccess must implement the method: List&lt;PointDebitDTO&gt; GdPointService.debitSpecificPointsV2(TransactionJournal, List&lt;LoyaltyLedger&gt;)"></failure>
        </testcase>
        <testcase name="test_executeBatch_noMatchingMember" classname="IssuePointSubTypeBatchTest" time="0.15">
        </testcase>
        <testcase name="test_executeBatch_noMemberNo" classname="IssuePointSubTypeBatchTest" time="0.41">
        </testcase>
        <testcase name="test_executeBatch_withValidMember" classname="IssuePointSubTypeBatchTest" time="0.36">
        </testcase>
        <testcase name="test_execute_emptyScope" classname="IssuePointSubTypeBatchTest" time="0.05">
        </testcase>
        <testcase name="test_execute_invalidSubtype_is_logged_as_error" classname="IssuePointSubTypeBatchTest" time="0.07">
        </testcase>
        <testcase name="test_finish" classname="IssuePointSubTypeBatchTest" time="0.05">
        </testcase>
        <testcase name="test_start_returns_members_for_target_ids" classname="IssuePointSubTypeBatchTest" time="0.06">
        </testcase>
        <testcase name="trigger_afterDelete_runs" classname="PromotionStoreTriggerTest" time="0.92">
        </testcase>
        <testcase name="trigger_afterInsert_runs" classname="PromotionStoreTriggerTest" time="0.38">
        </testcase>
        <testcase name="trigger_afterUpdate_runs" classname="PromotionStoreTriggerTest" time="0.52">
        </testcase>
        <testcase name="test_400_no_throw_returns_wrap" classname="CommonApiClientTest" time="0.02">
        </testcase>
        <testcase name="test_401_refresh_then_200" classname="CommonApiClientTest" time="0.03">
        </testcase>
        <testcase name="test_401_without_token_refresher" classname="CommonApiClientTest" time="0.02">
        </testcase>
        <testcase name="test_accept_header_default_added_when_missing" classname="CommonApiClientTest" time="0.02">
        </testcase>
        <testcase name="test_buildHttpError_fields_populated" classname="CommonApiClientTest" time="0.03">
        </testcase>
        <testcase name="test_buildHttpError_preserves_request_context" classname="CommonApiClientTest" time="0.02">
        </testcase>
        <testcase name="test_buildHttpError_with_json_body" classname="CommonApiClientTest" time="0.02">
        </testcase>
        <testcase name="test_build_request_body_object_sets_content_type" classname="CommonApiClientTest" time="0.03">
        </testcase>
        <testcase name="test_callout_exception" classname="CommonApiClientTest" time="0.02">
        </testcase>
        <testcase name="test_custom_retry_status_codes_429" classname="CommonApiClientTest" time="0.02">
        </testcase>
        <testcase name="test_json_parse_error" classname="CommonApiClientTest" time="0.02">
        </testcase>
        <testcase name="test_json_parsing_success" classname="CommonApiClientTest" time="0.02">
        </testcase>
        <testcase name="test_method_normalization" classname="CommonApiClientTest" time="0.02">
        </testcase>
        <testcase name="test_parse_json_skipped_when_false" classname="CommonApiClientTest" time="0.02">
        </testcase>
        <testcase name="test_query_params_empty_query_map" classname="CommonApiClientTest" time="0.03">
        </testcase>
        <testcase name="test_query_params_with_existing_querystring" classname="CommonApiClientTest" time="0.03">
        </testcase>
        <testcase name="test_query_params_with_null_values" classname="CommonApiClientTest" time="0.02">
        </testcase>
        <testcase name="test_query_params_with_special_characters" classname="CommonApiClientTest" time="0.03">
        </testcase>
        <testcase name="test_querystring_path" classname="CommonApiClientTest" time="0.02">
        </testcase>
        <testcase name="test_response_header_allowlist" classname="CommonApiClientTest" time="0.02">
        </testcase>
        <testcase name="test_response_wrapper_fields_populated" classname="CommonApiClientTest" time="0.02">
        </testcase>
        <testcase name="test_retry_500_then_200" classname="CommonApiClientTest" time="0.02">
        </testcase>
        <testcase name="test_set_token_refresher_explicitly" classname="CommonApiClientTest" time="0.05">
        </testcase>
        <testcase name="test_shouldRetry_401_not_retried" classname="CommonApiClientTest" time="0.02">
        </testcase>
        <testcase name="test_shouldRetry_custom_status_codes" classname="CommonApiClientTest" time="0.02">
        </testcase>
        <testcase name="test_shouldRetry_default_retry_status" classname="CommonApiClientTest" time="0.02">
        </testcase>
        <testcase name="test_shouldRetry_empty_retry_status_codes" classname="CommonApiClientTest" time="0.03">
        </testcase>
        <testcase name="test_shouldRetry_maxRetries_exceeded" classname="CommonApiClientTest" time="0.02">
        </testcase>
        <testcase name="test_shouldRetry_with_callout_exception" classname="CommonApiClientTest" time="0.03">
        </testcase>
        <testcase name="test_success_200" classname="CommonApiClientTest" time="0.02">
        </testcase>
        <testcase name="test_success_no_content_204" classname="CommonApiClientTest" time="0.02">
        </testcase>
        <testcase name="test_throw_on_http_error_true_throws" classname="CommonApiClientTest" time="0.03">
        </testcase>
        <testcase name="test_token_refresh_failure_returns_401" classname="CommonApiClientTest" time="0.03">
        </testcase>
        <testcase name="test_validate_options_errors" classname="CommonApiClientTest" time="0.02">
        </testcase>
        <testcase name="test_execute_customExceptionPath_alwaysPass" classname="LoyaltyMemberTierUpdateSchedulerTest" time="0.33">
        </testcase>
        <testcase name="test_execute_generalExceptionPath_alwaysPass" classname="LoyaltyMemberTierUpdateSchedulerTest" time="0.23">
        </testcase>
        <testcase name="test_execute_nullContext_alwaysPass" classname="LoyaltyMemberTierUpdateSchedulerTest" time="0.02">
        </testcase>
        <testcase name="test_execute_success" classname="LoyaltyMemberTierUpdateSchedulerTest" time="0.22">
        </testcase>
        <testcase name="test_schedule" classname="LoyaltyMemberTierUpdateSchedulerTest" time="0.34">
        </testcase>
        <testcase name="&lt;compile&gt;" classname="GdEcopointApiControllerTest" time="0.00">
            <failure message="line 6, column 17: Previous load of class failed: GdEcopointApiControllerTest: line 6, column 17: Class GdEcopointApiControllerTest.MockPointServiceSuccess must implement the method: List&lt;PointDebitDTO&gt; GdPointService.debitSpecificPointsV2(TransactionJournal, List&lt;LoyaltyLedger&gt;)"></failure>
        </testcase>
        <testcase name="testBatchError_NoVoucherCategory" classname="MonthlyCouponIssueBatchTest" time="0.78">
        </testcase>
        <testcase name="testBatchPartialFailure_NoMemberNo" classname="MonthlyCouponIssueBatchTest" time="0.95">
        </testcase>
        <testcase name="testMonthlyBatchSuccess" classname="MonthlyCouponIssueBatchTest" time="0.73">
        </testcase>
        <testcase name="testMonthlyBatchUpgradeCoupon_setsFaceValueZero" classname="MonthlyCouponIssueBatchTest" time="1.13">
        </testcase>
        <testcase name="test_execute_deletes_only_old_logs" classname="ErrorLogCleanUpBatchTest" time="0.95">
        </testcase>
        <testcase name="test_execute_with_no_old_logs" classname="ErrorLogCleanUpBatchTest" time="0.15">
        </testcase>
        <testcase name="test_buildHistoryDto_blankValue" classname="MemberHistoryUIControllerTest" time="0.01">
        </testcase>
        <testcase name="test_buildHistoryDto_changedValue" classname="MemberHistoryUIControllerTest" time="0.03">
        </testcase>
        <testcase name="test_buildHistoryDto_unchangedValue" classname="MemberHistoryUIControllerTest" time="0.01">
        </testcase>
        <testcase name="test_comparator_equal" classname="MemberHistoryUIControllerTest" time="0.01">
        </testcase>
        <testcase name="test_comparator_nullDate" classname="MemberHistoryUIControllerTest" time="0.01">
        </testcase>
        <testcase name="test_comparator_reverse" classname="MemberHistoryUIControllerTest" time="0.01">
        </testcase>
        <testcase name="test_comparator_sort" classname="MemberHistoryUIControllerTest" time="0.01">
        </testcase>
        <testcase name="test_convertFieldLabel_blank" classname="MemberHistoryUIControllerTest" time="0.01">
        </testcase>
        <testcase name="test_convertFieldLabel_contactField" classname="MemberHistoryUIControllerTest" time="0.01">
        </testcase>
        <testcase name="test_convertFieldLabel_lpmField" classname="MemberHistoryUIControllerTest" time="0.01">
        </testcase>
        <testcase name="test_convertFieldLabel_map" classname="MemberHistoryUIControllerTest" time="0.01">
        </testcase>
        <testcase name="test_convertFieldLabel_unknown" classname="MemberHistoryUIControllerTest" time="0.01">
        </testcase>
        <testcase name="test_convertPicklistValueToLabel_multiPicklist" classname="MemberHistoryUIControllerTest" time="0.02">
        </testcase>
        <testcase name="test_convertPicklistValueToLabel_picklist" classname="MemberHistoryUIControllerTest" time="0.01">
        </testcase>
        <testcase name="test_convertPicklistValueToLabel_unknownAndBlank" classname="MemberHistoryUIControllerTest" time="0.01">
        </testcase>
        <testcase name="test_dto_access" classname="MemberHistoryUIControllerTest" time="0.01">
        </testcase>
        <testcase name="test_formatValue" classname="MemberHistoryUIControllerTest" time="0.01">
        </testcase>
        <testcase name="test_formatValue_blank" classname="MemberHistoryUIControllerTest" time="0.01">
        </testcase>
        <testcase name="test_formatValue_dateField_removesTime" classname="MemberHistoryUIControllerTest" time="0.01">
        </testcase>
        <testcase name="test_formatValue_withFieldApiName" classname="MemberHistoryUIControllerTest" time="0.01">
        </testcase>
        <testcase name="test_getMemberHistory" classname="MemberHistoryUIControllerTest" time="0.06">
        </testcase>
        <testcase name="test_shouldIncludeHistory" classname="MemberHistoryUIControllerTest" time="0.01">
        </testcase>
        <testcase name="test_handle_deeper_path_if_notiftype_exists" classname="ErpAsyncFailureTriggerHandlerTest" time="0.18">
        </testcase>
        <testcase name="test_handle_notif_type_not_found_returns" classname="ErpAsyncFailureTriggerHandlerTest" time="0.02">
        </testcase>
        <testcase name="test_handle_null_and_empty" classname="ErpAsyncFailureTriggerHandlerTest" time="0.00">
        </testcase>
        <testcase name="test_run_after_insert_dispatch_calls_afterInsert" classname="ErpAsyncFailureTriggerHandlerTest" time="0.00">
        </testcase>
        <testcase name="testBuildEndpointSpecialCases" classname="MceApiClientTest" time="0.04">
        </testcase>
        <testcase name="testInputValidation" classname="MceApiClientTest" time="0.01">
        </testcase>
        <testcase name="testSendJson_HttpError" classname="MceApiClientTest" time="0.01">
        </testcase>
        <testcase name="testSendJson_Success" classname="MceApiClientTest" time="0.01">
        </testcase>
        <testcase name="test_send_calls_sendEmail_when_toAddresses_exist" classname="EmailNotificationUtilTest" time="0.10">
        </testcase>
        <testcase name="test_send_skips_when_toAddresses_is_empty" classname="EmailNotificationUtilTest" time="0.01">
        </testcase>
        <testcase name="test_send_skips_when_toAddresses_is_null" classname="EmailNotificationUtilTest" time="0.01">
        </testcase>
        <testcase name="test_additional_fields_json_fail" classname="TritonFlowTest" time="0.73">
        </testcase>
        <testcase name="test_additional_fields_json_success" classname="TritonFlowTest" time="0.37">
        </testcase>
        <testcase name="test_error_level_creates_issue" classname="TritonFlowTest" time="0.40">
        </testcase>
        <testcase name="test_invalid_category_fallback" classname="TritonFlowTest" time="0.37">
        </testcase>
        <testcase name="test_invalid_level_fallback" classname="TritonFlowTest" time="0.40">
        </testcase>
        <testcase name="test_log_success_info" classname="TritonFlowTest" time="0.38">
        </testcase>
        <testcase name="test_resume_transaction" classname="TritonFlowTest" time="0.37">
        </testcase>
        <testcase name="test_stacktrace_merge" classname="TritonFlowTest" time="0.38">
        </testcase>
        <testcase name="test_constructor" classname="ErpPromotionCouponAsyncCallbackTest" time="0.01">
        </testcase>
        <testcase name="test_onFailure_createPromotionCoupon_noRestore" classname="ErpPromotionCouponAsyncCallbackTest" time="0.24">
        </testcase>
        <testcase name="test_onFailure_deletePromotionCoupon_nonExistentRecordId" classname="ErpPromotionCouponAsyncCallbackTest" time="0.11">
        </testcase>
        <testcase name="test_onFailure_deletePromotionCoupon_nullRecordId" classname="ErpPromotionCouponAsyncCallbackTest" time="0.02">
        </testcase>
        <testcase name="test_onFailure_deletePromotionCoupon_restoresCoupon" classname="ErpPromotionCouponAsyncCallbackTest" time="0.13">
        </testcase>
        <testcase name="test_onFailure_overload_errorMessage_recordId" classname="ErpPromotionCouponAsyncCallbackTest" time="0.02">
        </testcase>
        <testcase name="test_onFailure_overload_errorMessage_stackTrace" classname="ErpPromotionCouponAsyncCallbackTest" time="0.02">
        </testcase>
        <testcase name="test_onFailure_overload_exception_recordId" classname="ErpPromotionCouponAsyncCallbackTest" time="0.02">
        </testcase>
        <testcase name="test_onFailure_overload_exception_recordIds" classname="ErpPromotionCouponAsyncCallbackTest" time="0.02">
        </testcase>
        <testcase name="test_onFailure_overload_httpError_recordId_sobject" classname="ErpPromotionCouponAsyncCallbackTest" time="0.03">
        </testcase>
        <testcase name="test_onFailure_overload_httpError_recordIds" classname="ErpPromotionCouponAsyncCallbackTest" time="0.02">
        </testcase>
        <testcase name="test_onSuccess_noImplementation" classname="ErpPromotionCouponAsyncCallbackTest" time="0.02">
        </testcase>
        <testcase name="test_getDetail_not_found_throws" classname="ErrorLogUIControllerV1Test" time="0.35">
        </testcase>
        <testcase name="test_getDetail_success" classname="ErrorLogUIControllerV1Test" time="0.06">
        </testcase>
        <testcase name="&lt;compile&gt;" classname="GdExchangeReturnApiControllerTest" time="0.00">
            <failure message="line 97, column 39: Method does not exist or incorrect signature: void createOrder() from the type GdExchangeReturnApiController"></failure>
        </testcase>
        <testcase name="afterUpdate_outside_trigger_context_is_safe" classname="OrderTriggerHandlerTest" time="0.06">
        </testcase>
        <testcase name="constructor_and_guard_paths_are_covered" classname="OrderTriggerHandlerTest" time="0.02">
        </testcase>
        <testcase name="run_bypass_and_loopcount_are_covered" classname="OrderTriggerHandlerTest" time="0.01">
        </testcase>
        <testcase name="trigger_afterUpdate_updates_contact_for_transition" classname="OrderTriggerHandlerTest" time="0.75">
            <failure message="TestMethod로 정의된 방법은 웹 서비스 콜아웃을 지원하지 않습니다."></failure>
        </testcase>
        <testcase name="updateTierQualifyingSpend3Y_applies_all_status_deltas" classname="OrderTriggerHandlerTest" time="1.99">
            <failure message="TestMethod로 정의된 방법은 웹 서비스 콜아웃을 지원하지 않습니다."></failure>
        </testcase>
        <testcase name="updateTierQualifyingSpend3Y_delta_branch_focus" classname="OrderTriggerHandlerTest" time="1.21">
            <failure message="TestMethod로 정의된 방법은 웹 서비스 콜아웃을 지원하지 않습니다."></failure>
        </testcase>
        <testcase name="updateTierQualifyingSpend3Y_ignores_unknown_status_and_missing_rows" classname="OrderTriggerHandlerTest" time="0.56">
            <failure message="TestMethod로 정의된 방법은 웹 서비스 콜아웃을 지원하지 않습니다."></failure>
        </testcase>
        <testcase name="testAllPropertiesFullScenario" classname="PointDebitDTOTest" time="0.02">
        </testcase>
        <testcase name="testDefaultConstructor" classname="PointDebitDTOTest" time="0.01">
        </testcase>
        <testcase name="testEmptyStringProperties" classname="PointDebitDTOTest" time="0.01">
        </testcase>
        <testcase name="testMultipleInstances" classname="PointDebitDTOTest" time="0.01">
        </testcase>
        <testcase name="testNegativeDecimalValues" classname="PointDebitDTOTest" time="0.01">
        </testcase>
        <testcase name="testPropertyInitialization" classname="PointDebitDTOTest" time="0.01">
        </testcase>
        <testcase name="testPropertyOverwrite" classname="PointDebitDTOTest" time="0.01">
        </testcase>
        <testcase name="testSetAndGetDecimalProperties" classname="PointDebitDTOTest" time="0.01">
        </testcase>
        <testcase name="testSetAndGetDecimalPropertiesWithZero" classname="PointDebitDTOTest" time="0.01">
        </testcase>
        <testcase name="testSetAndGetStringProperties" classname="PointDebitDTOTest" time="0.01">
        </testcase>
        <testcase name="test_getEmailsFromGroup_groupNotFound_throws" classname="EmailRecipientProviderTest" time="0.08">
        </testcase>
        <testcase name="test_getEmailsFromGroup_success" classname="EmailRecipientProviderTest" time="0.12">
        </testcase>
        <testcase name="getMemberHelpInfo_nullBody_handlesException" classname="GdMemberHelpInfoControllerTest" time="0.06">
        </testcase>
        <testcase name="test_getMemberHelpInfoService_lazyInit" classname="GdMemberHelpInfoControllerTest" time="0.07">
        </testcase>
        <testcase name="test_getMemberHelpInfo_customException" classname="GdMemberHelpInfoControllerTest" time="0.03">
        </testcase>
        <testcase name="test_getMemberHelpInfo_genericException_500" classname="GdMemberHelpInfoControllerTest" time="0.03">
        </testcase>
        <testcase name="test_getMemberHelpInfo_mockSuccess_200" classname="GdMemberHelpInfoControllerTest" time="0.01">
        </testcase>
        <testcase name="test_createPromotionCoupon_fieldValues" classname="ErpPromotionCouponApiClientTest" time="0.05">
        </testcase>
        <testcase name="test_createPromotionCoupon_httpError" classname="ErpPromotionCouponApiClientTest" time="0.03">
        </testcase>
        <testcase name="test_createPromotionCoupon_nullRequest" classname="ErpPromotionCouponApiClientTest" time="0.01">
        </testcase>
        <testcase name="test_createPromotionCoupon_retry" classname="ErpPromotionCouponApiClientTest" time="0.02">
        </testcase>
        <testcase name="test_createPromotionCoupon_success" classname="ErpPromotionCouponApiClientTest" time="0.02">
        </testcase>
        <testcase name="test_deletePromotionCoupon_emptyFields" classname="ErpPromotionCouponApiClientTest" time="0.02">
        </testcase>
        <testcase name="test_deletePromotionCoupon_nullRequest" classname="ErpPromotionCouponApiClientTest" time="0.01">
        </testcase>
        <testcase name="test_deletePromotionCoupon_queryParameters" classname="ErpPromotionCouponApiClientTest" time="0.02">
        </testcase>
        <testcase name="test_deletePromotionCoupon_success" classname="ErpPromotionCouponApiClientTest" time="0.02">
        </testcase>
        <testcase name="execute_withEmptyOrderIds_doesNotFail" classname="McePointServiceTest" time="0.12">
        </testcase>
        <testcase name="execute_withNullOrderIds_doesNotFail" classname="McePointServiceTest" time="0.07">
        </testcase>
        <testcase name="execute_withOrderButNoTransactionJournal_doesNotFail" classname="McePointServiceTest" time="0.22">
        </testcase>
        <testcase name="test_deriveDirection_eventTypeCredit" classname="McePointServiceTest" time="0.01">
        </testcase>
        <testcase name="test_deriveDirection_eventTypeDebit" classname="McePointServiceTest" time="0.01">
        </testcase>
        <testcase name="test_deriveDirection_negativePoints" classname="McePointServiceTest" time="0.01">
        </testcase>
        <testcase name="test_deriveDirection_null" classname="McePointServiceTest" time="0.01">
        </testcase>
        <testcase name="test_deriveDirection_nullPoints" classname="McePointServiceTest" time="0.01">
        </testcase>
        <testcase name="test_deriveDirection_positivePoints" classname="McePointServiceTest" time="0.01">
        </testcase>
        <testcase name="test_deriveDirection_zeroPoints" classname="McePointServiceTest" time="0.01">
        </testcase>
        <testcase name="test_getCreditAndDebitEventDefinitionKey_cached" classname="McePointServiceTest" time="0.01">
        </testcase>
        <testcase name="test_getCreditAndDebitEventDefinitionKey_notCached" classname="McePointServiceTest" time="0.02">
        </testcase>
        <testcase name="test_getCreditEventDefinitionKey_cached" classname="McePointServiceTest" time="0.01">
        </testcase>
        <testcase name="test_getCreditEventDefinitionKey_notCached" classname="McePointServiceTest" time="0.01">
        </testcase>
        <testcase name="test_getDebitEventDefinitionKey_cached" classname="McePointServiceTest" time="0.01">
        </testcase>
        <testcase name="test_getDebitEventDefinitionKey_notCached" classname="McePointServiceTest" time="0.01">
        </testcase>
        <testcase name="test_loadApiKeyFromCmdt_blankKey_throws" classname="McePointServiceTest" time="0.01">
        </testcase>
        <testcase name="test_loadApiKeyFromCmdt_notFound" classname="McePointServiceTest" time="0.01">
        </testcase>
        <testcase name="test_memberAgg_add_credit" classname="McePointServiceTest" time="0.05">
        </testcase>
        <testcase name="test_memberAgg_add_debit" classname="McePointServiceTest" time="0.05">
        </testcase>
        <testcase name="test_memberAgg_add_negative_points_abs" classname="McePointServiceTest" time="0.05">
        </testcase>
        <testcase name="test_memberAgg_all_fields" classname="McePointServiceTest" time="0.06">
        </testcase>
        <testcase name="test_sendByTjIds_emptyList" classname="McePointServiceTest" time="0.01">
        </testcase>
        <testcase name="test_sendByTjIds_fakeIdNoTjFound" classname="McePointServiceTest" time="0.06">
        </testcase>
        <testcase name="test_sendByTjIds_nullList" classname="McePointServiceTest" time="0.01">
        </testcase>
        <testcase name="test_sendByTjIds_tjFoundButNoLedger" classname="McePointServiceTest" time="0.32">
            <failure message="TestMethod로 정의된 방법은 웹 서비스 콜아웃을 지원하지 않습니다."></failure>
        </testcase>
        <testcase name="test_sendMode_enum_values" classname="McePointServiceTest" time="0.01">
        </testcase>
        <testcase name="test_sendSummary_defaults" classname="McePointServiceTest" time="0.01">
        </testcase>
        <testcase name="test_sendSummary_fields_manipulation" classname="McePointServiceTest" time="0.01">
        </testcase>
        <testcase name="test_basic" classname="OrderNumViewControllerTest" time="0.00">
            <failure message="System.DmlException: Update failed. First exception on row 0 with id 01sdJ0000008SlVQAU; first error: UNABLE_TO_LOCK_ROW, unable to obtain exclusive access to this record or 1 records: 01sdJ0000008SlVQAU: []"><![CDATA[Class.OrderNumViewControllerTest.setup: line 408, column 1]]></failure>
        </testcase>
        <testcase name="test_deletedReturn_uses_cancelled_progress_and_deposit_cancellation" classname="OrderNumViewControllerTest" time="0.00">
            <failure message="System.DmlException: Update failed. First exception on row 0 with id 01sdJ0000008SlVQAU; first error: UNABLE_TO_LOCK_ROW, unable to obtain exclusive access to this record or 1 records: 01sdJ0000008SlVQAU: []"><![CDATA[Class.OrderNumViewControllerTest.setup: line 408, column 1]]></failure>
        </testcase>
        <testcase name="test_displayAndTotalAmountHelpers" classname="OrderNumViewControllerTest" time="0.00">
            <failure message="System.DmlException: Update failed. First exception on row 0 with id 01sdJ0000008SlVQAU; first error: UNABLE_TO_LOCK_ROW, unable to obtain exclusive access to this record or 1 records: 01sdJ0000008SlVQAU: []"><![CDATA[Class.OrderNumViewControllerTest.setup: line 408, column 1]]></failure>
        </testcase>
        <testcase name="test_getOrderNumView_orderPageShowsSaleSummaryWhenSaleLinksBackToOrder" classname="OrderNumViewControllerTest" time="0.00">
            <failure message="System.DmlException: Update failed. First exception on row 0 with id 01sdJ0000008SlVQAU; first error: UNABLE_TO_LOCK_ROW, unable to obtain exclusive access to this record or 1 records: 01sdJ0000008SlVQAU: []"><![CDATA[Class.OrderNumViewControllerTest.setup: line 408, column 1]]></failure>
        </testcase>
        <testcase name="test_getOrderNumView_resolvesDisplayOrderFromTransactionJournal" classname="OrderNumViewControllerTest" time="0.00">
            <failure message="System.DmlException: Update failed. First exception on row 0 with id 01sdJ0000008SlVQAU; first error: UNABLE_TO_LOCK_ROW, unable to obtain exclusive access to this record or 1 records: 01sdJ0000008SlVQAU: []"><![CDATA[Class.OrderNumViewControllerTest.setup: line 408, column 1]]></failure>
        </testcase>
        <testcase name="test_getOrderNumView_resolvesDisplayOrderWhenOrderLinkOnlyExistsOnTransactionJournal" classname="OrderNumViewControllerTest" time="0.00">
            <failure message="System.DmlException: Update failed. First exception on row 0 with id 01sdJ0000008SlVQAU; first error: UNABLE_TO_LOCK_ROW, unable to obtain exclusive access to this record or 1 records: 01sdJ0000008SlVQAU: []"><![CDATA[Class.OrderNumViewControllerTest.setup: line 408, column 1]]></failure>
        </testcase>
        <testcase name="test_getOrderNumView_returnPageShowsOrderSaleAndReturnTogether" classname="OrderNumViewControllerTest" time="0.00">
            <failure message="System.DmlException: Update failed. First exception on row 0 with id 01sdJ0000008SlVQAU; first error: UNABLE_TO_LOCK_ROW, unable to obtain exclusive access to this record or 1 records: 01sdJ0000008SlVQAU: []"><![CDATA[Class.OrderNumViewControllerTest.setup: line 408, column 1]]></failure>
        </testcase>
        <testcase name="test_getOrderNumView_salePageAggregatesLinkedOrdersAndUsesLatestOrderAsRepresentative" classname="OrderNumViewControllerTest" time="0.00">
            <failure message="System.DmlException: Update failed. First exception on row 0 with id 01sdJ0000008SlVQAU; first error: UNABLE_TO_LOCK_ROW, unable to obtain exclusive access to this record or 1 records: 01sdJ0000008SlVQAU: []"><![CDATA[Class.OrderNumViewControllerTest.setup: line 408, column 1]]></failure>
        </testcase>
        <testcase name="test_getOrderNumView_usesDisplayOrderAndDepositFallback" classname="OrderNumViewControllerTest" time="0.00">
            <failure message="System.DmlException: Update failed. First exception on row 0 with id 01sdJ0000008SlVQAU; first error: UNABLE_TO_LOCK_ROW, unable to obtain exclusive access to this record or 1 records: 01sdJ0000008SlVQAU: []"><![CDATA[Class.OrderNumViewControllerTest.setup: line 408, column 1]]></failure>
        </testcase>
        <testcase name="test_getOrderNumView_withReturnRecord_usesOriginalSaleData" classname="OrderNumViewControllerTest" time="0.00">
            <failure message="System.DmlException: Update failed. First exception on row 0 with id 01sdJ0000008SlVQAU; first error: UNABLE_TO_LOCK_ROW, unable to obtain exclusive access to this record or 1 records: 01sdJ0000008SlVQAU: []"><![CDATA[Class.OrderNumViewControllerTest.setup: line 408, column 1]]></failure>
        </testcase>
        <testcase name="test_noJournal" classname="OrderNumViewControllerTest" time="0.00">
            <failure message="System.DmlException: Update failed. First exception on row 0 with id 01sdJ0000008SlVQAU; first error: UNABLE_TO_LOCK_ROW, unable to obtain exclusive access to this record or 1 records: 01sdJ0000008SlVQAU: []"><![CDATA[Class.OrderNumViewControllerTest.setup: line 408, column 1]]></failure>
        </testcase>
        <testcase name="test_nullBranches" classname="OrderNumViewControllerTest" time="0.00">
            <failure message="System.DmlException: Update failed. First exception on row 0 with id 01sdJ0000008SlVQAU; first error: UNABLE_TO_LOCK_ROW, unable to obtain exclusive access to this record or 1 records: 01sdJ0000008SlVQAU: []"><![CDATA[Class.OrderNumViewControllerTest.setup: line 408, column 1]]></failure>
        </testcase>
        <testcase name="test_orderDetailDto_usesFinalSaleLedgerFromRelatedSaleOrders" classname="OrderNumViewControllerTest" time="0.00">
            <failure message="System.DmlException: Update failed. First exception on row 0 with id 01sdJ0000008SlVQAU; first error: UNABLE_TO_LOCK_ROW, unable to obtain exclusive access to this record or 1 records: 01sdJ0000008SlVQAU: []"><![CDATA[Class.OrderNumViewControllerTest.setup: line 408, column 1]]></failure>
        </testcase>
        <testcase name="test_orderDetailDto_withoutReturn_doesNotPopulateReturnStoreName" classname="OrderNumViewControllerTest" time="0.00">
            <failure message="System.DmlException: Update failed. First exception on row 0 with id 01sdJ0000008SlVQAU; first error: UNABLE_TO_LOCK_ROW, unable to obtain exclusive access to this record or 1 records: 01sdJ0000008SlVQAU: []"><![CDATA[Class.OrderNumViewControllerTest.setup: line 408, column 1]]></failure>
        </testcase>
        <testcase name="test_paymentSummaryHelpers_cover_sale_and_return_payments" classname="OrderNumViewControllerTest" time="0.00">
            <failure message="System.DmlException: Update failed. First exception on row 0 with id 01sdJ0000008SlVQAU; first error: UNABLE_TO_LOCK_ROW, unable to obtain exclusive access to this record or 1 records: 01sdJ0000008SlVQAU: []"><![CDATA[Class.OrderNumViewControllerTest.setup: line 408, column 1]]></failure>
        </testcase>
        <testcase name="test_progressStates_and_cancelledHelpers" classname="OrderNumViewControllerTest" time="0.00">
            <failure message="System.DmlException: Update failed. First exception on row 0 with id 01sdJ0000008SlVQAU; first error: UNABLE_TO_LOCK_ROW, unable to obtain exclusive access to this record or 1 records: 01sdJ0000008SlVQAU: []"><![CDATA[Class.OrderNumViewControllerTest.setup: line 408, column 1]]></failure>
        </testcase>
        <testcase name="test_relatedSaleRepresentative_chooses_latest_completed_sale" classname="OrderNumViewControllerTest" time="0.00">
            <failure message="System.DmlException: Update failed. First exception on row 0 with id 01sdJ0000008SlVQAU; first error: UNABLE_TO_LOCK_ROW, unable to obtain exclusive access to this record or 1 records: 01sdJ0000008SlVQAU: []"><![CDATA[Class.OrderNumViewControllerTest.setup: line 408, column 1]]></failure>
        </testcase>
        <testcase name="test_returnAmountsAndRestoredPoints_areNegative" classname="OrderNumViewControllerTest" time="0.00">
            <failure message="System.DmlException: Update failed. First exception on row 0 with id 01sdJ0000008SlVQAU; first error: UNABLE_TO_LOCK_ROW, unable to obtain exclusive access to this record or 1 records: 01sdJ0000008SlVQAU: []"><![CDATA[Class.OrderNumViewControllerTest.setup: line 408, column 1]]></failure>
        </testcase>
        <testcase name="test_returnOrderDtoConstructor" classname="OrderNumViewControllerTest" time="0.00">
            <failure message="System.DmlException: Update failed. First exception on row 0 with id 01sdJ0000008SlVQAU; first error: UNABLE_TO_LOCK_ROW, unable to obtain exclusive access to this record or 1 records: 01sdJ0000008SlVQAU: []"><![CDATA[Class.OrderNumViewControllerTest.setup: line 408, column 1]]></failure>
        </testcase>
        <testcase name="test_returnPointHelpers_cover_restore_cancel_and_traceability" classname="OrderNumViewControllerTest" time="0.00">
            <failure message="System.DmlException: Update failed. First exception on row 0 with id 01sdJ0000008SlVQAU; first error: UNABLE_TO_LOCK_ROW, unable to obtain exclusive access to this record or 1 records: 01sdJ0000008SlVQAU: []"><![CDATA[Class.OrderNumViewControllerTest.setup: line 408, column 1]]></failure>
        </testcase>
        <testcase name="getCategoryPolicyNodes_returnsHierarchicalNodes" classname="CouponUIControllerV1Test" time="0.10">
        </testcase>
        <testcase name="getCouponDetail_nullId_returnsNull" classname="CouponUIControllerV1Test" time="0.01">
        </testcase>
        <testcase name="getCouponDetail_withLimits_returnsSummary" classname="CouponUIControllerV1Test" time="1.49">
        </testcase>
        <testcase name="getCouponPolicyConfig_nullId_throws" classname="CouponUIControllerV1Test" time="0.01">
        </testcase>
        <testcase name="getCouponPolicyConfig_withLimits_mapsSelections" classname="CouponUIControllerV1Test" time="0.65">
        </testcase>
        <testcase name="saveCouponPolicy_missingId_throws" classname="CouponUIControllerV1Test" time="0.01">
        </testcase>
        <testcase name="saveCouponPolicy_success_replacesPolicyRows" classname="CouponUIControllerV1Test" time="1.14">
        </testcase>
        <testcase name="saveCouponPolicy_withoutValues_deletesExistingLimits" classname="CouponUIControllerV1Test" time="0.76">
        </testcase>
        <testcase name="searchCouponPolicyTargets_allTypes_and_unknown" classname="CouponUIControllerV1Test" time="0.16">
        </testcase>
        <testcase name="searchCouponPolicyTargets_excludedValues_areSkipped" classname="CouponUIControllerV1Test" time="0.07">
        </testcase>
        <testcase name="test_executeBatch_fullFlow" classname="LoyaltyMemberTierUpdateBatchTest" time="0.51">
        </testcase>
        <testcase name="test_execute_emptyScope" classname="LoyaltyMemberTierUpdateBatchTest" time="0.06">
        </testcase>
        <testcase name="test_execute_noLoyaltyProgramMember" classname="LoyaltyMemberTierUpdateBatchTest" time="0.22">
        </testcase>
        <testcase name="test_execute_noTierMapping" classname="LoyaltyMemberTierUpdateBatchTest" time="0.18">
        </testcase>
        <testcase name="test_execute_withLoyaltyProgramMember" classname="LoyaltyMemberTierUpdateBatchTest" time="0.16">
        </testcase>
        <testcase name="test_finish" classname="LoyaltyMemberTierUpdateBatchTest" time="0.04">
        </testcase>
        <testcase name="dateToKstIsoZ_null_returnsNull" classname="TimeUtilTest" time="0.03">
        </testcase>
        <testcase name="dateToKstIsoZ_returnsIsoStringOrThrowsForLocaleSensitiveFormat" classname="TimeUtilTest" time="0.01">
        </testcase>
        <testcase name="dateToUtcStartOfDay_null_returnsNull" classname="TimeUtilTest" time="0.01">
        </testcase>
        <testcase name="dateToUtcStartOfDay_returnsExactMidnightGmt" classname="TimeUtilTest" time="0.01">
        </testcase>
        <testcase name="toKstIsoZ_addsNineHoursInIsoZ" classname="TimeUtilTest" time="0.01">
        </testcase>
        <testcase name="toKstIsoZ_crossesYearBoundaryCorrectly" classname="TimeUtilTest" time="0.01">
        </testcase>
        <testcase name="toKstIsoZ_null_returnsNull" classname="TimeUtilTest" time="0.01">
        </testcase>
        <testcase name="toKstIsoZ_preservesMinuteAndSecondComponents" classname="TimeUtilTest" time="0.01">
        </testcase>
        <testcase name="couponDetailModel_defaultConstructor_keepsFieldsNull" classname="ErpCouponReqDtoTest" time="0.03">
        </testcase>
        <testcase name="couponDetailModel_paramConstructor_mapsAllFields" classname="ErpCouponReqDtoTest" time="0.01">
        </testcase>
        <testcase name="couponDetailUpdateModel_defaultConstructor_keepsFieldsNull" classname="ErpCouponReqDtoTest" time="0.01">
        </testcase>
        <testcase name="couponDetailUpdateModel_voucherConstructor_mapsExpiredStatus" classname="ErpCouponReqDtoTest" time="0.46">
            <failure message="System.DmlException: Insert failed. First exception on row 0; first error: FIELD_CUSTOM_VALIDATION_EXCEPTION, 유형은 제품 또는 서비스를 선택할 수 없습니다.: [Type]"><![CDATA[Class.ErpCouponReqDtoTest.createVoucher: line 128, column 1
Class.ErpCouponReqDtoTest.couponDetailUpdateModel_voucherConstructor_mapsExpiredStatus: line 61, column 1]]></failure>
        </testcase>
        <testcase name="couponDetailUpdateModel_voucherConstructor_mapsUnknownStatusToBlank" classname="ErpCouponReqDtoTest" time="0.33">
            <failure message="System.DmlException: Insert failed. First exception on row 0; first error: FIELD_CUSTOM_VALIDATION_EXCEPTION, 유형은 제품 또는 서비스를 선택할 수 없습니다.: [Type]"><![CDATA[Class.ErpCouponReqDtoTest.createVoucher: line 128, column 1
Class.ErpCouponReqDtoTest.couponDetailUpdateModel_voucherConstructor_mapsUnknownStatusToBlank: line 77, column 1]]></failure>
        </testcase>
        <testcase name="couponDetailUpdateModel_voucherConstructor_mapsUnmappedStatusToBlank_secondCase" classname="ErpCouponReqDtoTest" time="0.32">
            <failure message="System.DmlException: Insert failed. First exception on row 0; first error: FIELD_CUSTOM_VALIDATION_EXCEPTION, 유형은 제품 또는 서비스를 선택할 수 없습니다.: [Type]"><![CDATA[Class.ErpCouponReqDtoTest.createVoucher: line 128, column 1
Class.ErpCouponReqDtoTest.couponDetailUpdateModel_voucherConstructor_mapsUnmappedStatusToBlank_secondCase: line 91, column 1]]></failure>
        </testcase>
        <testcase name="issueRequest_constructor_initializesList" classname="ErpCouponReqDtoTest" time="0.01">
        </testcase>
        <testcase name="opEnum_containsExpectedValues" classname="ErpCouponReqDtoTest" time="0.01">
        </testcase>
        <testcase name="updateRequest_constructor_initializesList" classname="ErpCouponReqDtoTest" time="0.01">
        </testcase>
        <testcase name="getPromotionDetail_customException_alwaysPass" classname="GdPromotionDetailApiControllerV1Test" time="0.14">
        </testcase>
        <testcase name="getPromotionDetail_generalException_alwaysPass" classname="GdPromotionDetailApiControllerV1Test" time="0.06">
        </testcase>
        <testcase name="getPromotionDetail_success_alwaysPass" classname="GdPromotionDetailApiControllerV1Test" time="0.04">
        </testcase>
        <testcase name="getPromotionDetail_validationException_alwaysPass" classname="GdPromotionDetailApiControllerV1Test" time="0.04">
        </testcase>
        <testcase name="test_def_not_found_in_map" classname="GdAvailableCouponServiceImplTest" time="0.04">
        </testcase>
        <testcase name="test_filterVouchersByValidDateRange_definitionNull" classname="GdAvailableCouponServiceImplTest" time="0.01">
        </testcase>
        <testcase name="test_filterVouchersByValidDateRange_effectiveDateFuture" classname="GdAvailableCouponServiceImplTest" time="0.01">
        </testcase>
        <testcase name="test_filterVouchersByValidDateRange_expirationDatePassed" classname="GdAvailableCouponServiceImplTest" time="0.01">
        </testcase>
        <testcase name="test_filterVouchersByValidDateRange_nullEffectiveDate" classname="GdAvailableCouponServiceImplTest" time="0.01">
        </testcase>
        <testcase name="test_filterVouchersByValidDateRange_nullExpirationDate" classname="GdAvailableCouponServiceImplTest" time="0.01">
        </testcase>
        <testcase name="test_filterVouchersByValidDateRange_success" classname="GdAvailableCouponServiceImplTest" time="0.01">
        </testcase>
        <testcase name="test_getExpiredCoupon_no_lpm_returns_empty_list" classname="GdAvailableCouponServiceImplTest" time="0.01">
        </testcase>
        <testcase name="test_getExpiredCoupon_success" classname="GdAvailableCouponServiceImplTest" time="0.87">
            <failure message="TestMethod로 정의된 방법은 웹 서비스 콜아웃을 지원하지 않습니다."></failure>
        </testcase>
        <testcase name="test_memberNo_blank" classname="GdAvailableCouponServiceImplTest" time="0.01">
        </testcase>
        <testcase name="test_no_definition_ids" classname="GdAvailableCouponServiceImplTest" time="0.01">
        </testcase>
        <testcase name="test_no_lpm" classname="GdAvailableCouponServiceImplTest" time="0.01">
        </testcase>
        <testcase name="test_null_request" classname="GdAvailableCouponServiceImplTest" time="0.01">
        </testcase>
        <testcase name="test_success_path" classname="GdAvailableCouponServiceImplTest" time="0.01">
        </testcase>
        <testcase name="test_voucher_filtered_out" classname="GdAvailableCouponServiceImplTest" time="0.01">
        </testcase>
        <testcase name="testAfterDelete" classname="PromotionTriggerTest" time="0.93">
        </testcase>
        <testcase name="testAfterInsert" classname="PromotionTriggerTest" time="0.34">
        </testcase>
        <testcase name="testAfterUpdate" classname="PromotionTriggerTest" time="0.43">
        </testcase>
        <testcase name="test_dateFormatYYYYMMDD" classname="ErpCouponUpdateReqDtoTest" time="0.03">
        </testcase>
        <testcase name="test_defaultConstructor" classname="ErpCouponUpdateReqDtoTest" time="0.01">
        </testcase>
        <testcase name="test_fieldAssignment" classname="ErpCouponUpdateReqDtoTest" time="0.01">
        </testcase>
        <testcase name="test_parameterizedConstructor" classname="ErpCouponUpdateReqDtoTest" time="0.01">
        </testcase>
        <testcase name="test_validate_allFieldsBlank" classname="ErpCouponUpdateReqDtoTest" time="0.02">
        </testcase>
        <testcase name="test_validate_dtEndExpMbrEmpty" classname="ErpCouponUpdateReqDtoTest" time="0.02">
        </testcase>
        <testcase name="test_validate_dtEndExpMbrNull" classname="ErpCouponUpdateReqDtoTest" time="0.01">
        </testcase>
        <testcase name="test_validate_idUpdateNull" classname="ErpCouponUpdateReqDtoTest" time="0.01">
        </testcase>
        <testcase name="test_validate_noCouponNull" classname="ErpCouponUpdateReqDtoTest" time="0.01">
        </testcase>
        <testcase name="test_validate_noManCouponEmpty" classname="ErpCouponUpdateReqDtoTest" time="0.01">
        </testcase>
        <testcase name="test_validate_noManCouponNull" classname="ErpCouponUpdateReqDtoTest" time="0.01">
        </testcase>
        <testcase name="test_validate_noMbrNull" classname="ErpCouponUpdateReqDtoTest" time="0.01">
        </testcase>
        <testcase name="test_validate_success" classname="ErpCouponUpdateReqDtoTest" time="0.01">
        </testcase>
        <testcase name="test_build_log_level_key" classname="TritonHelperTest" time="0.02">
        </testcase>
        <testcase name="test_compare_level" classname="TritonHelperTest" time="0.01">
            <failure message="System.AssertException: Assertion Failed: Expected: true, Actual: false"><![CDATA[Class.TritonHelperTest.test_compare_level: line 44, column 1]]></failure>
        </testcase>
        <testcase name="test_format_dml_error" classname="TritonHelperTest" time="0.09">
        </testcase>
        <testcase name="test_format_message" classname="TritonHelperTest" time="0.01">
        </testcase>
        <testcase name="test_generate_uuid" classname="TritonHelperTest" time="0.01">
        </testcase>
        <testcase name="test_get_current_stacktrace" classname="TritonHelperTest" time="0.01">
        </testcase>
        <testcase name="test_get_operation" classname="TritonHelperTest" time="0.01">
        </testcase>
        <testcase name="test_post_processing_controls_builder" classname="TritonHelperTest" time="0.01">
        </testcase>
        <testcase name="test_transaction_cache_methods" classname="TritonHelperTest" time="0.02">
        </testcase>
        <testcase name="test_createPromotionStore_nullRequest_throws" classname="ErpPromotionStoreApiClientTest" time="0.03">
        </testcase>
        <testcase name="test_createPromotionStore_success" classname="ErpPromotionStoreApiClientTest" time="0.04">
        </testcase>
        <testcase name="test_deletePromotionStore_nullRequest_throws" classname="ErpPromotionStoreApiClientTest" time="0.01">
        </testcase>
        <testcase name="test_deletePromotionStore_success" classname="ErpPromotionStoreApiClientTest" time="0.02">
        </testcase>
        <testcase name="test_updatePromotionStore_nullRequest_throws" classname="ErpPromotionStoreApiClientTest" time="0.01">
        </testcase>
        <testcase name="test_updatePromotionStore_success" classname="ErpPromotionStoreApiClientTest" time="0.02">
        </testcase>
        <testcase name="test_execute_generalExceptionPath_alwaysPass" classname="BirthdayCouponIssueSchedulerTest" time="0.20">
            <failure message="System.DmlException: Insert failed. First exception on row 0; first error: FIELD_CUSTOM_VALIDATION_EXCEPTION, 유형은 제품 또는 서비스를 선택할 수 없습니다.: [Type]"><![CDATA[Class.BirthdayCouponIssueSchedulerTest.createVoucherDefinition: line 58, column 1
Class.BirthdayCouponIssueSchedulerTest.test_execute_generalExceptionPath_alwaysPass: line 135, column 1]]></failure>
        </testcase>
        <testcase name="test_execute_withNullContext_alwaysPass" classname="BirthdayCouponIssueSchedulerTest" time="0.01">
        </testcase>
        <testcase name="test_execute_withVoucherDefinition" classname="BirthdayCouponIssueSchedulerTest" time="0.14">
            <failure message="System.DmlException: Insert failed. First exception on row 0; first error: FIELD_CUSTOM_VALIDATION_EXCEPTION, 유형은 제품 또는 서비스를 선택할 수 없습니다.: [Type]"><![CDATA[Class.BirthdayCouponIssueSchedulerTest.createVoucherDefinition: line 58, column 1
Class.BirthdayCouponIssueSchedulerTest.test_execute_withVoucherDefinition: line 67, column 1]]></failure>
        </testcase>
        <testcase name="test_execute_withoutVoucherDefinition" classname="BirthdayCouponIssueSchedulerTest" time="0.19">
        </testcase>
        <testcase name="test_schedule_invokesScheduler_alwaysPass" classname="BirthdayCouponIssueSchedulerTest" time="0.17">
            <failure message="System.DmlException: Insert failed. First exception on row 0; first error: FIELD_CUSTOM_VALIDATION_EXCEPTION, 유형은 제품 또는 서비스를 선택할 수 없습니다.: [Type]"><![CDATA[Class.BirthdayCouponIssueSchedulerTest.createVoucherDefinition: line 58, column 1
Class.BirthdayCouponIssueSchedulerTest.test_schedule_invokesScheduler_alwaysPass: line 117, column 1]]></failure>
        </testcase>
        <testcase name="test_pretty_label_object_normal_no_throw" classname="DebugUtilTest" time="0.02">
        </testcase>
        <testcase name="test_pretty_label_object_null_no_throw" classname="DebugUtilTest" time="0.01">
        </testcase>
        <testcase name="test_pretty_object_forced_serialize_error_caught" classname="DebugUtilTest" time="0.01">
        </testcase>
        <testcase name="test_pretty_object_normal_no_throw" classname="DebugUtilTest" time="0.01">
        </testcase>
        <testcase name="test_serialize_forced_error_throws" classname="DebugUtilTest" time="0.01">
        </testcase>
        <testcase name="test_serialize_normal_returns_json" classname="DebugUtilTest" time="0.01">
        </testcase>
        <testcase name="test_serialize_null_returns_null_string" classname="DebugUtilTest" time="0.01">
        </testcase>
        <testcase name="test_bad_branch" classname="CommonApiClientUniversalMockTest" time="0.03">
        </testcase>
        <testcase name="test_default_branch_and_null_endpoint" classname="CommonApiClientUniversalMockTest" time="0.02">
        </testcase>
        <testcase name="test_json_error_branch" classname="CommonApiClientUniversalMockTest" time="0.01">
        </testcase>
        <testcase name="test_no_content_branch" classname="CommonApiClientUniversalMockTest" time="0.01">
        </testcase>
        <testcase name="test_rate_limit_branch" classname="CommonApiClientUniversalMockTest" time="0.01">
        </testcase>
        <testcase name="test_reset_and_retry_branch" classname="CommonApiClientUniversalMockTest" time="0.01">
        </testcase>
        <testcase name="test_reset_and_secure_branch" classname="CommonApiClientUniversalMockTest" time="0.01">
        </testcase>
        <testcase name="test_timeout_branch_throws" classname="CommonApiClientUniversalMockTest" time="0.01">
        </testcase>
        <testcase name="resolveAccrualGrade_memberTierNotFound_throws" classname="GdMemberTierServiceImplTest" time="0.11">
        </testcase>
        <testcase name="resolveAccrualGrade_previousGradeMissing_throws" classname="GdMemberTierServiceImplTest" time="0.21">
        </testcase>
        <testcase name="resolveAccrualGrade_returnsCurrentGrade" classname="GdMemberTierServiceImplTest" time="0.07">
        </testcase>
        <testcase name="resolveAccrualGrade_returnsPreviousGrade_whenBeforeLastModified" classname="GdMemberTierServiceImplTest" time="0.07">
        </testcase>
        <testcase name="deriveDirection_branches_areCovered" classname="McePointDebitBatchTest" time="0.04">
        </testcase>
        <testcase name="executeBatch_withEmptyIds_completes" classname="McePointDebitBatchTest" time="0.24">
        </testcase>
        <testcase name="executeBatch_withLedgerData_runsLifecycle" classname="McePointDebitBatchTest" time="1.15">
        </testcase>
        <testcase name="executeBatch_withNonMatchingTransactionJournalIds_completes" classname="McePointDebitBatchTest" time="0.19">
        </testcase>
        <testcase name="executeBatch_withNullIds_completes" classname="McePointDebitBatchTest" time="0.18">
        </testcase>
        <testcase name="execute_directScope_coversExecuteMethod" classname="McePointDebitBatchTest" time="0.08">
        </testcase>
        <testcase name="execute_withLedgerData_coversMemberAggregationAndSuccessPath" classname="McePointDebitBatchTest" time="0.66">
        </testcase>
        <testcase name="execute_withMissingMemberNo_coversFailurePath" classname="McePointDebitBatchTest" time="0.68">
        </testcase>
        <testcase name="memberAgg_add_accumulates_credit_and_debit" classname="McePointDebitBatchTest" time="0.01">
        </testcase>
        <testcase name="test_extractMessage_blankBody" classname="ErpPromotionPointAsyncCallbackTest" time="0.01">
        </testcase>
        <testcase name="test_extractMessage_invalidJson" classname="ErpPromotionPointAsyncCallbackTest" time="0.01">
        </testcase>
        <testcase name="test_extractMessage_jsonArray_notMap" classname="ErpPromotionPointAsyncCallbackTest" time="0.01">
        </testcase>
        <testcase name="test_extractMessage_messageIsNull" classname="ErpPromotionPointAsyncCallbackTest" time="0.01">
        </testcase>
        <testcase name="test_extractMessage_nullBody" classname="ErpPromotionPointAsyncCallbackTest" time="0.01">
        </testcase>
        <testcase name="test_extractMessage_validJsonWithMessage" classname="ErpPromotionPointAsyncCallbackTest" time="0.01">
        </testcase>
        <testcase name="test_extractMessage_validJsonWithoutMessage" classname="ErpPromotionPointAsyncCallbackTest" time="0.01">
        </testcase>
        <testcase name="test_noop_overloads_and_success" classname="ErpPromotionPointAsyncCallbackTest" time="0.01">
        </testcase>
        <testcase name="test_onFailure_deletePromotionPoint_nonDeletedRecord_noRestorePath" classname="ErpPromotionPointAsyncCallbackTest" time="0.42">
[...]
        <testcase name="test_isValid_with_zero_skew" classname="ApiTokenStoreTest" time="0.01">
        </testcase>
        <testcase name="test_put_and_get_special_characters" classname="ApiTokenStoreTest" time="0.01">
        </testcase>
        <testcase name="test_put_get_remove_and_type_handling_best_effort" classname="ApiTokenStoreTest" time="0.01">
        </testcase>
        <testcase name="test_put_with_empty_token" classname="ApiTokenStoreTest" time="0.01">
        </testcase>
        <testcase name="test_put_with_large_ttl" classname="ApiTokenStoreTest" time="0.01">
        </testcase>
        <testcase name="test_put_with_null_token" classname="ApiTokenStoreTest" time="0.01">
        </testcase>
        <testcase name="test_remove_nonexistent_key" classname="ApiTokenStoreTest" time="0.01">
        </testcase>
        <testcase name="test_tokeninfo_isValid_branches" classname="ApiTokenStoreTest" time="0.01">
        </testcase>
        <testcase name="test_constructor_with_sobject_path_runs" classname="ErpPromotionProductJobTest" time="0.27">
        </testcase>
        <testcase name="test_create_promotion_product_job_runs" classname="ErpPromotionProductJobTest" time="0.21">
        </testcase>
        <testcase name="test_delete_promotion_product_job_runs" classname="ErpPromotionProductJobTest" time="0.22">
        </testcase>
        <testcase name="test_update_promotion_product_job_runs" classname="ErpPromotionProductJobTest" time="0.22">
        </testcase>
        <testcase name="additional_helper_methods_cover_more_lines" classname="TestReturnClassTest" time="0.52">
        </testcase>
        <testcase name="availableCouponHelperEdgePaths_cover_more_lines" classname="TestReturnClassTest" time="0.01">
        </testcase>
        <testcase name="cover_public_inner_types_and_helpers" classname="TestReturnClassTest" time="0.10">
        </testcase>
        <testcase name="coverage_harness_executes_private_helper_blocks" classname="TestReturnClassTest" time="2.83">
        </testcase>
        <testcase name="createReturnApiFlow_badJson_throws" classname="TestReturnClassTest" time="0.01">
        </testcase>
        <testcase name="createReturnApiFlow_emptyRaw_throws" classname="TestReturnClassTest" time="0.01">
        </testcase>
        <testcase name="createReturnApiFlow_rawJsonString_success_cover_more_lines" classname="TestReturnClassTest" time="0.15">
        </testcase>
        <testcase name="createReturnApiFlow_success_updatesStatus" classname="TestReturnClassTest" time="0.13">
        </testcase>
        <testcase name="createReturnItem_missingRequired_throws" classname="TestReturnClassTest" time="0.01">
        </testcase>
        <testcase name="createReturnItem_productNotFound_throws" classname="TestReturnClassTest" time="0.11">
        </testcase>
        <testcase name="createReturnItem_success_createsOrderItem" classname="TestReturnClassTest" time="0.13">
        </testcase>
        <testcase name="createReturnRest_emptyBody_returns400" classname="TestReturnClassTest" time="0.05">
        </testcase>
        <testcase name="createReturnRest_success_returns200" classname="TestReturnClassTest" time="0.14">
        </testcase>
        <testcase name="createReturn_duplicateSaleNo_throws" classname="TestReturnClassTest" time="0.05">
        </testcase>
        <testcase name="createReturn_nullReq_throws" classname="TestReturnClassTest" time="0.01">
        </testcase>
        <testcase name="createReturn_originalSaleNotFound_throws" classname="TestReturnClassTest" time="0.01">
        </testcase>
        <testcase name="createReturn_success_createsReductionOrder" classname="TestReturnClassTest" time="0.10">
        </testcase>
        <testcase name="creditEcopoint_memberNotFound_throws" classname="TestReturnClassTest" time="1.19">
        </testcase>
        <testcase name="creditEcopoint_simulation_happyPath" classname="TestReturnClassTest" time="1.25">
        </testcase>
        <testcase name="creditEcopoint_zeroPoint_throws" classname="TestReturnClassTest" time="1.27">
        </testcase>
        <testcase name="creditPoint_saleNotFound_throws" classname="TestReturnClassTest" time="1.21">
        </testcase>
        <testcase name="creditPoint_simulation_ecoSubtype_branch" classname="TestReturnClassTest" time="1.44">
        </testcase>
        <testcase name="creditPoint_simulation_happyPath_fullCoverage" classname="TestReturnClassTest" time="1.27">
        </testcase>
        <testcase name="creditPoint_unknownPointType_throws" classname="TestReturnClassTest" time="1.19">
        </testcase>
        <testcase name="creditPoint_zeroTotal_throws" classname="TestReturnClassTest" time="1.12">
        </testcase>
        <testcase name="deletePoint_ledgerNotFound_throws" classname="TestReturnClassTest" time="1.21">
        </testcase>
        <testcase name="deletePoint_memberNotFound_throws" classname="TestReturnClassTest" time="1.23">
        </testcase>
        <testcase name="deletePoint_oversizedList_throws" classname="TestReturnClassTest" time="1.76">
        </testcase>
        <testcase name="deletePoint_simulation_happyPath_fullCoverage" classname="TestReturnClassTest" time="1.39">
        </testcase>
        <testcase name="deleteReturnApiFlow_full_cover_more_lines" classname="TestReturnClassTest" time="0.54">
        </testcase>
        <testcase name="deleteReturnItem_notFound_throws" classname="TestReturnClassTest" time="0.03">
        </testcase>
        <testcase name="deleteReturnItem_success_deletesItems" classname="TestReturnClassTest" time="0.26">
        </testcase>
        <testcase name="deleteReturnRest_missingSaleNo_returns400" classname="TestReturnClassTest" time="0.04">
        </testcase>
        <testcase name="deleteReturnRest_notFound_returns400" classname="TestReturnClassTest" time="0.07">
        </testcase>
        <testcase name="deleteReturnRest_success_returns200" classname="TestReturnClassTest" time="0.45">
        </testcase>
        <testcase name="deleteReturn_notFound_throws" classname="TestReturnClassTest" time="0.03">
        </testcase>
        <testcase name="deleteReturn_success_marksDeleted" classname="TestReturnClassTest" time="0.11">
        </testcase>
        <testcase name="getAvailableCouponListV2_withoutIssuedCoupon_throws" classname="TestReturnClassTest" time="0.03">
        </testcase>
        <testcase name="getPointApplyHelp_promotionNotFound_throws" classname="TestReturnClassTest" time="1.27">
        </testcase>
        <testcase name="getPointApplyHelp_promotionPointUsageNotAllowed_throws" classname="TestReturnClassTest" time="1.44">
        </testcase>
        <testcase name="getPointApplyHelp_storeNotFound_throws" classname="TestReturnClassTest" time="1.17">
        </testcase>
        <testcase name="getPointApplyHelp_storeRoute_cover_more_lines" classname="TestReturnClassTest" time="1.24">
        </testcase>
        <testcase name="getPointApplyHelp_storeType05_type03_returns_v2" classname="TestReturnClassTest" time="1.24">
        </testcase>
        <testcase name="getPointApplyHelp_storeType05_typeMismatch_falls_through_to_v2" classname="TestReturnClassTest" time="1.27">
        </testcase>
        <testcase name="getReturnUsedCoupon_aggregatesAndReturnsRedeemedCoupon" classname="TestReturnClassTest" time="0.70">
        </testcase>
        <testcase name="getReturnUsedCoupon_emptyResult_returns200" classname="TestReturnClassTest" time="0.02">
        </testcase>
        <testcase name="getReturnUsedCoupon_voucherNotFound_throws" classname="TestReturnClassTest" time="0.10">
        </testcase>
        <testcase name="insert_sale_deposit_history_coupon_paths_cover_more_lines" classname="TestReturnClassTest" time="0.95">
        </testcase>
        <testcase name="pointAndCouponLightweightQueries_coverSuccessAndErrorPaths" classname="TestReturnClassTest" time="0.13">
        </testcase>
        <testcase name="pointAndCouponValidationPaths_throwOrReturnAsExpected" classname="TestReturnClassTest" time="0.01">
        </testcase>
        <testcase name="point_local_coverage_paths" classname="TestReturnClassTest" time="1.57">
        </testcase>
        <testcase name="promotion_none_limit_and_manual_debit_error_cover_more_lines" classname="TestReturnClassTest" time="1.99">
        </testcase>
        <testcase name="remaining_public_guard_paths_cover_more_lines" classname="TestReturnClassTest" time="0.11">
        </testcase>
        <testcase name="restore_eco_and_delete_flow_cover_more_lines" classname="TestReturnClassTest" time="1.91">
        </testcase>
        <testcase name="simulated_point_paths_cover_more_lines" classname="TestReturnClassTest" time="1.72">
        </testcase>
        <testcase name="simulated_purchase_accrual_paths_cover_more_lines" classname="TestReturnClassTest" time="3.69">
        </testcase>
        <testcase name="testvisible_helper_paths_cover_more_lines" classname="TestReturnClassTest" time="0.49">
        </testcase>
        <testcase name="voucherAggKey_equalsAndHashCode_cover" classname="TestReturnClassTest" time="0.01">
        </testcase>
        <testcase name="voucher_available_coupon_paths_cover_more_lines" classname="TestReturnClassTest" time="0.84">
        </testcase>
        <testcase name="voucher_limit_paths_cover_more_lines" classname="TestReturnClassTest" time="1.23">
        </testcase>
        <testcase name="voucher_success_paths_cover_more_lines" classname="TestReturnClassTest" time="0.81">
        </testcase>
        <testcase name="voucher_unlimited_reissue_and_cancel_paths_cover_more_lines" classname="TestReturnClassTest" time="0.85">
        </testcase>
        <testcase name="voucher_unlimited_reissue_default_shortcut_covers_more_lines" classname="TestReturnClassTest" time="0.56">
        </testcase>
        <testcase name="getPointList_customException" classname="GdPointApiControllerTest" time="0.08">
        </testcase>
        <testcase name="getPointList_emptyBody" classname="GdPointApiControllerTest" time="0.04">
        </testcase>
        <testcase name="getPointList_generalException" classname="GdPointApiControllerTest" time="0.03">
        </testcase>
        <testcase name="getPointList_invalidJson" classname="GdPointApiControllerTest" time="0.02">
        </testcase>
        <testcase name="getPointList_success" classname="GdPointApiControllerTest" time="0.03">
            <failure message="System.AssertException: Assertion Failed: Expected: 200, Actual: 500"><![CDATA[Class.GdPointApiControllerTest.getPointList_success: line 57, column 1]]></failure>
        </testcase>
        <testcase name="test_buildIssueFailureMessage_withErrorOutput" classname="CouponListUploadControllerV1Test" time="0.02">
        </testcase>
        <testcase name="test_buildIssueFailureMessage_withNullOutput" classname="CouponListUploadControllerV1Test" time="0.01">
        </testcase>
        <testcase name="test_buildPolicyPreviewResult_returnsCounts" classname="CouponListUploadControllerV1Test" time="0.01">
        </testcase>
        <testcase name="test_enrichProductAndStoreErrorNames" classname="CouponListUploadControllerV1Test" time="0.02">
        </testcase>
        <testcase name="test_issueCouponRequestsInChunks_empty_returnsNull" classname="CouponListUploadControllerV1Test" time="0.02">
        </testcase>
        <testcase name="test_issueCoupon_asyncBatchPath_returnsQueuedResult" classname="CouponListUploadControllerV1Test" time="0.55">
        </testcase>
        <testcase name="test_issueCoupon_chunk_size_constant" classname="CouponListUploadControllerV1Test" time="0.01">
        </testcase>
        <testcase name="test_issueCoupon_forcedException_throws" classname="CouponListUploadControllerV1Test" time="0.29">
        </testcase>
        <testcase name="test_issueCoupon_forcedNullResult_throwsHandledException" classname="CouponListUploadControllerV1Test" time="0.28">
        </testcase>
        <testcase name="test_issueCoupon_null_members_throws" classname="CouponListUploadControllerV1Test" time="0.01">
        </testcase>
        <testcase name="test_issueCoupon_requestsInChunks_forcedException_throws" classname="CouponListUploadControllerV1Test" time="0.01">
        </testcase>
        <testcase name="test_issueCoupon_requestsInChunks_forcedNull_returnsNull" classname="CouponListUploadControllerV1Test" time="0.01">
        </testcase>
        <testcase name="test_issueCoupon_requestsInChunks_forcedResults_hitsLoopAndReturn" classname="CouponListUploadControllerV1Test" time="0.01">
        </testcase>
        <testcase name="test_issueCoupon_successPath_hitsEnqueueBlock" classname="CouponListUploadControllerV1Test" time="0.56">
        </testcase>
        <testcase name="test_parseCouponFile_blank_throws" classname="CouponListUploadControllerV1Test" time="0.01">
        </testcase>
        <testcase name="test_parseCouponFile_missing_header_throws" classname="CouponListUploadControllerV1Test" time="0.01">
        </testcase>
        <testcase name="test_parseCouponFile_success_and_fail_mix" classname="CouponListUploadControllerV1Test" time="0.47">
            <failure message="TestMethod로 정의된 방법은 웹 서비스 콜아웃을 지원하지 않습니다."></failure>
        </testcase>
        <testcase name="test_parsePolicyCodeRows_blank_and_duplicate_product" classname="CouponListUploadControllerV1Test" time="0.02">
        </testcase>
        <testcase name="test_parsePolicyCodeRows_blank_and_duplicate_store" classname="CouponListUploadControllerV1Test" time="0.02">
        </testcase>
        <testcase name="test_parsePolicyCodeRows_tooManyRows_throws" classname="CouponListUploadControllerV1Test" time="1.27">
        </testcase>
        <testcase name="test_parseProductLimitFile_missing_header_throws" classname="CouponListUploadControllerV1Test" time="0.01">
        </testcase>
        <testcase name="test_parseProductLimitFile_success_and_fail_mix" classname="CouponListUploadControllerV1Test" time="0.16">
        </testcase>
        <testcase name="test_parseStoreLimitFile_blank_throws" classname="CouponListUploadControllerV1Test" time="0.01">
        </testcase>
        <testcase name="test_parseStoreLimitFile_success_and_fail_mix" classname="CouponListUploadControllerV1Test" time="0.11">
        </testcase>
        <testcase name="test_splitPolicyCsvLine_and_unquotePolicyCsvValue" classname="CouponListUploadControllerV1Test" time="0.01">
        </testcase>
        <testcase name="test_validateVoucherDefinitionDate_expired_throws" classname="CouponListUploadControllerV1Test" time="0.01">
        </testcase>
        <testcase name="test_validateVoucherDefinitionDate_not_yet_effective_throws" classname="CouponListUploadControllerV1Test" time="0.01">
        </testcase>
        <testcase name="test_validateVoucherDefinitionDate_valid_doesNotThrow" classname="CouponListUploadControllerV1Test" time="0.01">
        </testcase>
        <testcase name="&lt;compile&gt;" classname="ErpCouponApiClientTest" time="0.00">
            <failure message="line 140, column 46: Constructor not defined: [ErpCouponReqDto.CouponDetailModel].&lt;Constructor&gt;(String, String, String)"></failure>
        </testcase>
        <testcase name="createVoucherDefinition_alwaysPass" classname="GdVoucherApiControllerTest" time="0.06">
        </testcase>
        <testcase name="createVoucherDefinition_emptyBody" classname="GdVoucherApiControllerTest" time="0.05">
        </testcase>
        <testcase name="createVoucherDefinition_invalidJson" classname="GdVoucherApiControllerTest" time="0.03">
        </testcase>
        <testcase name="createVoucherDefinition_serviceCustomException" classname="GdVoucherApiControllerTest" time="0.03">
        </testcase>
        <testcase name="createVoucherDefinition_serviceException" classname="GdVoucherApiControllerTest" time="0.03">
        </testcase>
        <testcase name="getAvailableCouponList_alwaysPass" classname="GdVoucherApiControllerTest" time="0.01">
        </testcase>
        <testcase name="getAvailableCouponList_emptyBody" classname="GdVoucherApiControllerTest" time="0.03">
        </testcase>
        <testcase name="getAvailableCouponList_invalidJson" classname="GdVoucherApiControllerTest" time="0.03">
        </testcase>
        <testcase name="getAvailableCouponList_serviceCustomException" classname="GdVoucherApiControllerTest" time="0.03">
        </testcase>
        <testcase name="getAvailableCouponList_serviceException" classname="GdVoucherApiControllerTest" time="0.03">
        </testcase>
        <testcase name="test_fromWrapper_jsonBody_map_data_null" classname="ErpApiResponseDtoTest" time="0.02">
        </testcase>
        <testcase name="test_fromWrapper_jsonBody_map_list_data" classname="ErpApiResponseDtoTest" time="0.01">
        </testcase>
        <testcase name="test_fromWrapper_jsonBody_map_success" classname="ErpApiResponseDtoTest" time="0.01">
        </testcase>
        <testcase name="test_fromWrapper_jsonBody_map_success_false" classname="ErpApiResponseDtoTest" time="0.01">
        </testcase>
        <testcase name="test_fromWrapper_jsonBody_not_map_fallback" classname="ErpApiResponseDtoTest" time="0.01">
        </testcase>
        <testcase name="test_fromWrapper_list_data_value_accessible" classname="ErpApiResponseDtoTest" time="0.01">
        </testcase>
        <testcase name="test_fromWrapper_map_data_value_accessible" classname="ErpApiResponseDtoTest" time="0.01">
        </testcase>
        <testcase name="test_fromWrapper_sets_info_even_when_json_missing" classname="ErpApiResponseDtoTest" time="0.01">
        </testcase>
        <testcase name="test_hasObjectData_and_hasListData_cross_check" classname="ErpApiResponseDtoTest" time="0.01">
        </testcase>
        <testcase name="test_hasObjectData_when_data_null" classname="ErpApiResponseDtoTest" time="0.01">
        </testcase>
        <testcase name="test_createPromotionProduct_missingIdUpdate_throwsIAE" classname="ErpPromotionProductApiClientTest" time="0.04">
        </testcase>
        <testcase name="test_createPromotionProduct_nullReq_throwsIAE" classname="ErpPromotionProductApiClientTest" time="0.01">
        </testcase>
        <testcase name="test_createPromotionProduct_success" classname="ErpPromotionProductApiClientTest" time="0.03">
        </testcase>
        <testcase name="test_deletePromotionProduct_nullReq_throwsIAE" classname="ErpPromotionProductApiClientTest" time="0.01">
        </testcase>
        <testcase name="test_deletePromotionProduct_success" classname="ErpPromotionProductApiClientTest" time="0.02">
        </testcase>
        <testcase name="test_dto_boolToYn" classname="ErpPromotionProductApiClientTest" time="0.01">
        </testcase>
        <testcase name="test_dto_dateToYmd" classname="ErpPromotionProductApiClientTest" time="0.01">
        </testcase>
        <testcase name="test_dto_dateToYmd_null" classname="ErpPromotionProductApiClientTest" time="0.01">
        </testcase>
        <testcase name="test_dto_dtToYmd" classname="ErpPromotionProductApiClientTest" time="0.01">
        </testcase>
        <testcase name="test_dto_dtToYmd_null" classname="ErpPromotionProductApiClientTest" time="0.01">
        </testcase>
        <testcase name="test_dto_isStrNull" classname="ErpPromotionProductApiClientTest" time="0.01">
        </testcase>
        <testcase name="test_dto_outerClass_defaultConstructor" classname="ErpPromotionProductApiClientTest" time="0.01">
        </testcase>
        <testcase name="test_updatePromotionProduct_missingIdUpdate_throwsIAE" classname="ErpPromotionProductApiClientTest" time="0.01">
        </testcase>
        <testcase name="test_updatePromotionProduct_nullReq_throwsIAE" classname="ErpPromotionProductApiClientTest" time="0.01">
        </testcase>
        <testcase name="test_updatePromotionProduct_success" classname="ErpPromotionProductApiClientTest" time="0.02">
        </testcase>
    </testsuite>
</testsuites>
